{"C:\\Users\\myPC\\Desktop\\dev\\personal\\remunedata\\remunedata-web\\src\\App.vue": {"path":"C:\\Users\\myPC\\Desktop\\dev\\personal\\remunedata\\remunedata-web\\src\\App.vue","all":false,"statementMap":{"1":{"start":{"line":2,"column":0},"end":{"line":2,"column":53}},"2":{"start":{"line":3,"column":0},"end":{"line":3,"column":47}},"4":{"start":{"line":5,"column":0},"end":{"line":5,"column":12}},"8":{"start":{"line":9,"column":0},"end":{"line":9,"column":16}}},"s":{"1":1,"2":1,"4":1,"8":1},"branchMap":{},"b":{},"fnMap":{},"f":{}}
,"C:\\Users\\myPC\\Desktop\\dev\\personal\\remunedata\\remunedata-web\\src\\main.ts": {"path":"C:\\Users\\myPC\\Desktop\\dev\\personal\\remunedata\\remunedata-web\\src\\main.ts","all":true,"statementMap":{"0":{"start":{"line":1,"column":0},"end":{"line":1,"column":31}},"1":{"start":{"line":2,"column":0},"end":{"line":2,"column":35}},"2":{"start":{"line":3,"column":0},"end":{"line":3,"column":52}},"3":{"start":{"line":4,"column":0},"end":{"line":4,"column":27}},"4":{"start":{"line":5,"column":0},"end":{"line":5,"column":33}},"5":{"start":{"line":6,"column":0},"end":{"line":6,"column":20}},"7":{"start":{"line":8,"column":0},"end":{"line":8,"column":26}},"9":{"start":{"line":10,"column":0},"end":{"line":10,"column":22}},"10":{"start":{"line":11,"column":0},"end":{"line":11,"column":15}},"11":{"start":{"line":12,"column":0},"end":{"line":12,"column":23}},"13":{"start":{"line":14,"column":0},"end":{"line":14,"column":17}}},"s":{"0":0,"1":0,"2":0,"3":0,"4":0,"5":0,"7":0,"9":0,"10":0,"11":0,"13":0},"branchMap":{"0":{"type":"branch","line":1,"loc":{"start":{"line":1,"column":0},"end":{"line":14,"column":-177}},"locations":[{"start":{"line":1,"column":0},"end":{"line":14,"column":-177}}]}},"b":{"0":[0]},"fnMap":{"0":{"name":"(empty-report)","decl":{"start":{"line":1,"column":0},"end":{"line":14,"column":-177}},"loc":{"start":{"line":1,"column":0},"end":{"line":14,"column":-177}},"line":1}},"f":{"0":0}}
,"C:\\Users\\myPC\\Desktop\\dev\\personal\\remunedata\\remunedata-web\\src\\app\\layouts\\MainLayout.vue": {"path":"C:\\Users\\myPC\\Desktop\\dev\\personal\\remunedata\\remunedata-web\\src\\app\\layouts\\MainLayout.vue","all":false,"statementMap":{"1":{"start":{"line":2,"column":0},"end":{"line":2,"column":32}},"2":{"start":{"line":3,"column":0},"end":{"line":3,"column":37}},"3":{"start":{"line":4,"column":0},"end":{"line":4,"column":76}},"5":{"start":{"line":6,"column":0},"end":{"line":6,"column":24}},"6":{"start":{"line":7,"column":0},"end":{"line":7,"column":32}},"9":{"start":{"line":10,"column":0},"end":{"line":10,"column":31}},"10":{"start":{"line":11,"column":0},"end":{"line":11,"column":29}},"11":{"start":{"line":12,"column":0},"end":{"line":12,"column":2}},"13":{"start":{"line":14,"column":0},"end":{"line":14,"column":29}},"14":{"start":{"line":15,"column":0},"end":{"line":15,"column":44}},"15":{"start":{"line":16,"column":0},"end":{"line":16,"column":1}},"19":{"start":{"line":20,"column":0},"end":{"line":20,"column":45}},"20":{"start":{"line":21,"column":0},"end":{"line":21,"column":35}},"21":{"start":{"line":22,"column":0},"end":{"line":22,"column":8}},"22":{"start":{"line":23,"column":0},"end":{"line":23,"column":26}},"23":{"start":{"line":24,"column":0},"end":{"line":24,"column":94}},"24":{"start":{"line":25,"column":0},"end":{"line":25,"column":36}},"25":{"start":{"line":26,"column":0},"end":{"line":26,"column":11}},"27":{"start":{"line":28,"column":0},"end":{"line":28,"column":20}},"28":{"start":{"line":29,"column":0},"end":{"line":29,"column":10}},"29":{"start":{"line":30,"column":0},"end":{"line":30,"column":149}},"30":{"start":{"line":31,"column":0},"end":{"line":31,"column":68}},"32":{"start":{"line":33,"column":0},"end":{"line":33,"column":89}},"33":{"start":{"line":34,"column":0},"end":{"line":34,"column":45}},"34":{"start":{"line":35,"column":0},"end":{"line":35,"column":99}},"35":{"start":{"line":36,"column":0},"end":{"line":36,"column":52}},"36":{"start":{"line":37,"column":0},"end":{"line":37,"column":16}},"37":{"start":{"line":38,"column":0},"end":{"line":38,"column":81}},"38":{"start":{"line":39,"column":0},"end":{"line":39,"column":14}},"39":{"start":{"line":40,"column":0},"end":{"line":40,"column":101}},"40":{"start":{"line":41,"column":0},"end":{"line":41,"column":31}},"41":{"start":{"line":42,"column":0},"end":{"line":42,"column":17}},"42":{"start":{"line":43,"column":0},"end":{"line":43,"column":12}},"44":{"start":{"line":45,"column":0},"end":{"line":45,"column":50}},"45":{"start":{"line":46,"column":0},"end":{"line":46,"column":19}},"46":{"start":{"line":47,"column":0},"end":{"line":47,"column":25}},"47":{"start":{"line":48,"column":0},"end":{"line":48,"column":115}},"48":{"start":{"line":49,"column":0},"end":{"line":49,"column":68}},"50":{"start":{"line":51,"column":0},"end":{"line":51,"column":45}},"52":{"start":{"line":53,"column":0},"end":{"line":53,"column":21}},"53":{"start":{"line":54,"column":0},"end":{"line":54,"column":19}},"54":{"start":{"line":55,"column":0},"end":{"line":55,"column":28}},"55":{"start":{"line":56,"column":0},"end":{"line":56,"column":115}},"56":{"start":{"line":57,"column":0},"end":{"line":57,"column":68}},"58":{"start":{"line":59,"column":0},"end":{"line":59,"column":36}},"60":{"start":{"line":61,"column":0},"end":{"line":61,"column":21}},"61":{"start":{"line":62,"column":0},"end":{"line":62,"column":19}},"62":{"start":{"line":63,"column":0},"end":{"line":63,"column":26}},"63":{"start":{"line":64,"column":0},"end":{"line":64,"column":115}},"64":{"start":{"line":65,"column":0},"end":{"line":65,"column":68}},"66":{"start":{"line":67,"column":0},"end":{"line":67,"column":38}},"68":{"start":{"line":69,"column":0},"end":{"line":69,"column":21}},"69":{"start":{"line":70,"column":0},"end":{"line":70,"column":12}},"71":{"start":{"line":72,"column":0},"end":{"line":72,"column":54}},"72":{"start":{"line":73,"column":0},"end":{"line":73,"column":94}},"74":{"start":{"line":75,"column":0},"end":{"line":75,"column":12}},"75":{"start":{"line":76,"column":0},"end":{"line":76,"column":12}},"76":{"start":{"line":77,"column":0},"end":{"line":77,"column":12}},"78":{"start":{"line":79,"column":0},"end":{"line":79,"column":25}},"79":{"start":{"line":80,"column":0},"end":{"line":80,"column":94}},"80":{"start":{"line":81,"column":0},"end":{"line":81,"column":28}},"81":{"start":{"line":82,"column":0},"end":{"line":82,"column":13}},"82":{"start":{"line":83,"column":0},"end":{"line":83,"column":130}},"84":{"start":{"line":85,"column":0},"end":{"line":85,"column":45}},"85":{"start":{"line":86,"column":0},"end":{"line":86,"column":17}},"86":{"start":{"line":87,"column":0},"end":{"line":87,"column":77}},"87":{"start":{"line":88,"column":0},"end":{"line":88,"column":34}},"89":{"start":{"line":90,"column":0},"end":{"line":90,"column":36}},"90":{"start":{"line":91,"column":0},"end":{"line":91,"column":19}},"91":{"start":{"line":92,"column":0},"end":{"line":92,"column":74}},"93":{"start":{"line":94,"column":0},"end":{"line":94,"column":16}},"94":{"start":{"line":95,"column":0},"end":{"line":95,"column":14}},"96":{"start":{"line":97,"column":0},"end":{"line":97,"column":45}},"97":{"start":{"line":98,"column":0},"end":{"line":98,"column":15}},"98":{"start":{"line":99,"column":0},"end":{"line":99,"column":128}},"99":{"start":{"line":100,"column":0},"end":{"line":100,"column":11}},"101":{"start":{"line":102,"column":0},"end":{"line":102,"column":17}},"102":{"start":{"line":103,"column":0},"end":{"line":103,"column":14}},"103":{"start":{"line":104,"column":0},"end":{"line":104,"column":15}},"105":{"start":{"line":106,"column":0},"end":{"line":106,"column":27}},"106":{"start":{"line":107,"column":0},"end":{"line":107,"column":59}},"107":{"start":{"line":108,"column":0},"end":{"line":108,"column":22}},"108":{"start":{"line":109,"column":0},"end":{"line":109,"column":16}},"109":{"start":{"line":110,"column":0},"end":{"line":110,"column":11}},"110":{"start":{"line":111,"column":0},"end":{"line":111,"column":8}}},"s":{"1":1,"2":1,"3":1,"5":1,"6":1,"9":1,"10":0,"11":1,"13":1,"14":0,"15":0,"19":1,"20":1,"21":1,"22":1,"23":0,"24":0,"25":1,"27":1,"28":1,"29":1,"30":1,"32":1,"33":1,"34":1,"35":1,"36":1,"37":1,"38":1,"39":1,"40":1,"41":1,"42":1,"44":1,"45":1,"46":1,"47":1,"48":1,"50":1,"52":1,"53":1,"54":1,"55":1,"56":1,"58":1,"60":1,"61":1,"62":1,"63":1,"64":1,"66":1,"68":1,"69":1,"71":1,"72":1,"74":1,"75":1,"76":1,"78":1,"79":1,"80":1,"81":1,"82":1,"84":1,"85":1,"86":1,"87":1,"89":1,"90":1,"91":1,"93":1,"94":1,"96":1,"97":1,"98":1,"99":1,"101":1,"102":1,"103":1,"105":1,"106":1,"107":1,"108":1,"109":1,"110":1},"branchMap":{"0":{"type":"branch","line":10,"loc":{"start":{"line":10,"column":6},"end":{"line":10,"column":24}},"locations":[{"start":{"line":10,"column":6},"end":{"line":10,"column":24}}]},"1":{"type":"branch","line":23,"loc":{"start":{"line":23,"column":12},"end":{"line":25,"column":36}},"locations":[{"start":{"line":23,"column":12},"end":{"line":25,"column":36}}]},"2":{"type":"branch","line":51,"loc":{"start":{"line":51,"column":10},"end":{"line":53,"column":21}},"locations":[{"start":{"line":51,"column":10},"end":{"line":53,"column":21}}]},"3":{"type":"branch","line":59,"loc":{"start":{"line":59,"column":10},"end":{"line":61,"column":21}},"locations":[{"start":{"line":59,"column":10},"end":{"line":61,"column":21}}]},"4":{"type":"branch","line":67,"loc":{"start":{"line":67,"column":10},"end":{"line":69,"column":21}},"locations":[{"start":{"line":67,"column":10},"end":{"line":69,"column":21}}]}},"b":{"0":[2],"1":[0],"2":[1],"3":[1],"4":[1]},"fnMap":{"0":{"name":"isSidebarOpen.value","decl":{"start":{"line":10,"column":6},"end":{"line":10,"column":24}},"loc":{"start":{"line":10,"column":6},"end":{"line":10,"column":24}},"line":10},"1":{"name":"toggleSidebar","decl":{"start":{"line":14,"column":22},"end":{"line":16,"column":1}},"loc":{"start":{"line":14,"column":22},"end":{"line":16,"column":1}},"line":14},"2":{"name":"$setup.isSidebarOpen.onClick._cache.<computed>._cache.<computed>","decl":{"start":{"line":25,"column":12},"end":{"line":25,"column":36}},"loc":{"start":{"line":25,"column":12},"end":{"line":25,"column":36}},"line":25},"3":{"name":"onClick._cache.<computed>._cache.<computed>","decl":{"start":{"line":40,"column":76},"end":{"line":40,"column":101}},"loc":{"start":{"line":40,"column":76},"end":{"line":40,"column":101}},"line":40}},"f":{"0":2,"1":0,"2":0,"3":0}}
,"C:\\Users\\myPC\\Desktop\\dev\\personal\\remunedata\\remunedata-web\\src\\app\\router\\index.ts": {"path":"C:\\Users\\myPC\\Desktop\\dev\\personal\\remunedata\\remunedata-web\\src\\app\\router\\index.ts","all":true,"statementMap":{"0":{"start":{"line":1,"column":0},"end":{"line":1,"column":59}},"2":{"start":{"line":3,"column":0},"end":{"line":3,"column":29}},"3":{"start":{"line":4,"column":0},"end":{"line":4,"column":54}},"4":{"start":{"line":5,"column":0},"end":{"line":5,"column":11}},"5":{"start":{"line":6,"column":0},"end":{"line":6,"column":5}},"6":{"start":{"line":7,"column":0},"end":{"line":7,"column":16}},"7":{"start":{"line":8,"column":0},"end":{"line":8,"column":29}},"8":{"start":{"line":9,"column":0},"end":{"line":9,"column":6}},"9":{"start":{"line":10,"column":0},"end":{"line":10,"column":5}},"10":{"start":{"line":11,"column":0},"end":{"line":11,"column":25}},"11":{"start":{"line":12,"column":0},"end":{"line":12,"column":24}},"12":{"start":{"line":13,"column":0},"end":{"line":13,"column":77}},"13":{"start":{"line":14,"column":0},"end":{"line":14,"column":6}},"14":{"start":{"line":15,"column":0},"end":{"line":15,"column":5}},"15":{"start":{"line":16,"column":0},"end":{"line":16,"column":28}},"16":{"start":{"line":17,"column":0},"end":{"line":17,"column":27}},"17":{"start":{"line":18,"column":0},"end":{"line":18,"column":83}},"18":{"start":{"line":19,"column":0},"end":{"line":19,"column":6}},"19":{"start":{"line":20,"column":0},"end":{"line":20,"column":5}},"20":{"start":{"line":21,"column":0},"end":{"line":21,"column":32}},"21":{"start":{"line":22,"column":0},"end":{"line":22,"column":34}},"22":{"start":{"line":23,"column":0},"end":{"line":23,"column":89}},"23":{"start":{"line":24,"column":0},"end":{"line":24,"column":6}},"24":{"start":{"line":25,"column":0},"end":{"line":25,"column":5}},"25":{"start":{"line":26,"column":0},"end":{"line":26,"column":26}},"26":{"start":{"line":27,"column":0},"end":{"line":27,"column":25}},"27":{"start":{"line":28,"column":0},"end":{"line":28,"column":79}},"28":{"start":{"line":29,"column":0},"end":{"line":29,"column":6}},"29":{"start":{"line":30,"column":0},"end":{"line":30,"column":4}},"30":{"start":{"line":31,"column":0},"end":{"line":31,"column":2}},"32":{"start":{"line":33,"column":0},"end":{"line":33,"column":21}}},"s":{"0":0,"2":0,"3":0,"4":0,"5":0,"6":0,"7":0,"8":0,"9":0,"10":0,"11":0,"12":0,"13":0,"14":0,"15":0,"16":0,"17":0,"18":0,"19":0,"20":0,"21":0,"22":0,"23":0,"24":0,"25":0,"26":0,"27":0,"28":0,"29":0,"30":0,"32":0},"branchMap":{"0":{"type":"branch","line":1,"loc":{"start":{"line":1,"column":861},"end":{"line":33,"column":21}},"locations":[{"start":{"line":1,"column":861},"end":{"line":33,"column":21}}]}},"b":{"0":[0]},"fnMap":{"0":{"name":"(empty-report)","decl":{"start":{"line":1,"column":861},"end":{"line":33,"column":21}},"loc":{"start":{"line":1,"column":861},"end":{"line":33,"column":21}},"line":1}},"f":{"0":0}}
,"C:\\Users\\myPC\\Desktop\\dev\\personal\\remunedata\\remunedata-web\\src\\core\\config\\env.ts": {"path":"C:\\Users\\myPC\\Desktop\\dev\\personal\\remunedata\\remunedata-web\\src\\core\\config\\env.ts","all":true,"statementMap":{"0":{"start":{"line":1,"column":0},"end":{"line":1,"column":20}},"1":{"start":{"line":2,"column":0},"end":{"line":2,"column":67}},"2":{"start":{"line":3,"column":0},"end":{"line":3,"column":30}},"3":{"start":{"line":4,"column":0},"end":{"line":4,"column":1}}},"s":{"0":0,"1":0,"2":0,"3":0},"branchMap":{"0":{"type":"branch","line":1,"loc":{"start":{"line":1,"column":121},"end":{"line":4,"column":1}},"locations":[{"start":{"line":1,"column":121},"end":{"line":4,"column":1}}]}},"b":{"0":[0]},"fnMap":{"0":{"name":"(empty-report)","decl":{"start":{"line":1,"column":121},"end":{"line":4,"column":1}},"loc":{"start":{"line":1,"column":121},"end":{"line":4,"column":1}},"line":1}},"f":{"0":0}}
,"C:\\Users\\myPC\\Desktop\\dev\\personal\\remunedata\\remunedata-web\\src\\core\\formatters\\currency.ts": {"path":"C:\\Users\\myPC\\Desktop\\dev\\personal\\remunedata\\remunedata-web\\src\\core\\formatters\\currency.ts","all":false,"statementMap":{"0":{"start":{"line":1,"column":0},"end":{"line":1,"column":64}},"1":{"start":{"line":2,"column":0},"end":{"line":2,"column":70}},"2":{"start":{"line":3,"column":0},"end":{"line":3,"column":37}},"4":{"start":{"line":5,"column":0},"end":{"line":5,"column":41}},"5":{"start":{"line":6,"column":0},"end":{"line":6,"column":22}},"6":{"start":{"line":7,"column":0},"end":{"line":7,"column":20}},"7":{"start":{"line":8,"column":0},"end":{"line":8,"column":19}},"8":{"start":{"line":9,"column":0},"end":{"line":9,"column":1}}},"s":{"0":1,"1":3,"2":3,"4":2,"5":2,"6":2,"7":2,"8":2},"branchMap":{"0":{"type":"branch","line":1,"loc":{"start":{"line":1,"column":7},"end":{"line":9,"column":1}},"locations":[{"start":{"line":1,"column":7},"end":{"line":9,"column":1}}]},"1":{"type":"branch","line":2,"loc":{"start":{"line":2,"column":34},"end":{"line":2,"column":65}},"locations":[{"start":{"line":2,"column":34},"end":{"line":2,"column":65}}]},"2":{"type":"branch","line":2,"loc":{"start":{"line":2,"column":61},"end":{"line":2,"column":70}},"locations":[{"start":{"line":2,"column":61},"end":{"line":2,"column":70}}]},"3":{"type":"branch","line":3,"loc":{"start":{"line":3,"column":21},"end":{"line":3,"column":37}},"locations":[{"start":{"line":3,"column":21},"end":{"line":3,"column":37}}]},"4":{"type":"branch","line":3,"loc":{"start":{"line":3,"column":28},"end":{"line":9,"column":1}},"locations":[{"start":{"line":3,"column":28},"end":{"line":9,"column":1}}]}},"b":{"0":[3],"1":[2],"2":[1],"3":[1],"4":[2]},"fnMap":{"0":{"name":"formatCurrency","decl":{"start":{"line":1,"column":7},"end":{"line":9,"column":1}},"loc":{"start":{"line":1,"column":7},"end":{"line":9,"column":1}},"line":1}},"f":{"0":3}}
,"C:\\Users\\myPC\\Desktop\\dev\\personal\\remunedata\\remunedata-web\\src\\core\\formatters\\date.ts": {"path":"C:\\Users\\myPC\\Desktop\\dev\\personal\\remunedata\\remunedata-web\\src\\core\\formatters\\date.ts","all":false,"statementMap":{"0":{"start":{"line":1,"column":0},"end":{"line":1,"column":86}},"1":{"start":{"line":2,"column":0},"end":{"line":2,"column":40}},"2":{"start":{"line":3,"column":0},"end":{"line":3,"column":42}},"3":{"start":{"line":4,"column":0},"end":{"line":4,"column":16}},"4":{"start":{"line":5,"column":0},"end":{"line":5,"column":16}},"5":{"start":{"line":6,"column":0},"end":{"line":6,"column":16}},"6":{"start":{"line":7,"column":0},"end":{"line":7,"column":16}},"7":{"start":{"line":8,"column":0},"end":{"line":8,"column":16}},"8":{"start":{"line":9,"column":0},"end":{"line":9,"column":16}},"9":{"start":{"line":10,"column":0},"end":{"line":10,"column":16}},"10":{"start":{"line":11,"column":0},"end":{"line":11,"column":16}},"11":{"start":{"line":12,"column":0},"end":{"line":12,"column":16}},"12":{"start":{"line":13,"column":0},"end":{"line":13,"column":16}},"13":{"start":{"line":14,"column":0},"end":{"line":14,"column":16}},"14":{"start":{"line":15,"column":0},"end":{"line":15,"column":16}},"15":{"start":{"line":16,"column":0},"end":{"line":16,"column":3}},"16":{"start":{"line":17,"column":0},"end":{"line":17,"column":35}},"17":{"start":{"line":18,"column":0},"end":{"line":18,"column":1}},"19":{"start":{"line":20,"column":0},"end":{"line":20,"column":57}},"20":{"start":{"line":21,"column":0},"end":{"line":21,"column":64}},"21":{"start":{"line":22,"column":0},"end":{"line":22,"column":1}}},"s":{"0":1,"1":2,"2":2,"3":2,"4":2,"5":2,"6":2,"7":2,"8":2,"9":2,"10":2,"11":2,"12":2,"13":2,"14":2,"15":2,"16":2,"17":2,"19":1,"20":1,"21":1},"branchMap":{"0":{"type":"branch","line":1,"loc":{"start":{"line":1,"column":7},"end":{"line":18,"column":1}},"locations":[{"start":{"line":1,"column":7},"end":{"line":18,"column":1}}]},"1":{"type":"branch","line":17,"loc":{"start":{"line":17,"column":20},"end":{"line":17,"column":26}},"locations":[{"start":{"line":17,"column":20},"end":{"line":17,"column":26}}]},"2":{"type":"branch","line":20,"loc":{"start":{"line":20,"column":7},"end":{"line":22,"column":1}},"locations":[{"start":{"line":20,"column":7},"end":{"line":22,"column":1}}]}},"b":{"0":[2],"1":[0],"2":[1]},"fnMap":{"0":{"name":"formatCompetence","decl":{"start":{"line":1,"column":7},"end":{"line":18,"column":1}},"loc":{"start":{"line":1,"column":7},"end":{"line":18,"column":1}},"line":1},"1":{"name":"formatDate","decl":{"start":{"line":20,"column":7},"end":{"line":22,"column":1}},"loc":{"start":{"line":20,"column":7},"end":{"line":22,"column":1}},"line":20}},"f":{"0":2,"1":1}}
,"C:\\Users\\myPC\\Desktop\\dev\\personal\\remunedata\\remunedata-web\\src\\core\\http\\client.ts": {"path":"C:\\Users\\myPC\\Desktop\\dev\\personal\\remunedata\\remunedata-web\\src\\core\\http\\client.ts","all":true,"statementMap":{"0":{"start":{"line":1,"column":0},"end":{"line":1,"column":25}},"1":{"start":{"line":2,"column":0},"end":{"line":2,"column":39}},"3":{"start":{"line":4,"column":0},"end":{"line":4,"column":33}},"4":{"start":{"line":5,"column":0},"end":{"line":5,"column":23}},"5":{"start":{"line":6,"column":0},"end":{"line":6,"column":12}},"6":{"start":{"line":7,"column":0},"end":{"line":7,"column":39}},"7":{"start":{"line":8,"column":0},"end":{"line":8,"column":4}},"8":{"start":{"line":9,"column":0},"end":{"line":9,"column":2}},"11":{"start":{"line":12,"column":0},"end":{"line":12,"column":49}},"12":{"start":{"line":13,"column":0},"end":{"line":13,"column":19}},"14":{"start":{"line":15,"column":0},"end":{"line":15,"column":3}},"15":{"start":{"line":16,"column":0},"end":{"line":16,"column":15}},"16":{"start":{"line":17,"column":0},"end":{"line":17,"column":2}},"18":{"start":{"line":19,"column":0},"end":{"line":19,"column":37}},"19":{"start":{"line":20,"column":0},"end":{"line":20,"column":25}},"20":{"start":{"line":21,"column":0},"end":{"line":21,"column":14}},"22":{"start":{"line":23,"column":0},"end":{"line":23,"column":32}},"23":{"start":{"line":24,"column":0},"end":{"line":24,"column":4}},"24":{"start":{"line":25,"column":0},"end":{"line":25,"column":1}},"26":{"start":{"line":27,"column":0},"end":{"line":27,"column":25}}},"s":{"0":0,"1":0,"3":0,"4":0,"5":0,"6":0,"7":0,"8":0,"11":0,"12":0,"14":0,"15":0,"16":0,"18":0,"19":0,"20":0,"22":0,"23":0,"24":0,"26":0},"branchMap":{"0":{"type":"branch","line":1,"loc":{"start":{"line":1,"column":656},"end":{"line":27,"column":25}},"locations":[{"start":{"line":1,"column":656},"end":{"line":27,"column":25}}]}},"b":{"0":[0]},"fnMap":{"0":{"name":"(empty-report)","decl":{"start":{"line":1,"column":656},"end":{"line":27,"column":25}},"loc":{"start":{"line":1,"column":656},"end":{"line":27,"column":25}},"line":1}},"f":{"0":0}}
,"C:\\Users\\myPC\\Desktop\\dev\\personal\\remunedata\\remunedata-web\\src\\core\\types\\api.ts": {"path":"C:\\Users\\myPC\\Desktop\\dev\\personal\\remunedata\\remunedata-web\\src\\core\\types\\api.ts","all":true,"statementMap":{},"s":{},"branchMap":{"0":{"type":"branch","line":1,"loc":{"start":{"line":1,"column":1020},"end":{"line":48,"column":1}},"locations":[{"start":{"line":1,"column":1020},"end":{"line":48,"column":1}}]}},"b":{"0":[1]},"fnMap":{"0":{"name":"(empty-report)","decl":{"start":{"line":1,"column":1020},"end":{"line":48,"column":1}},"loc":{"start":{"line":1,"column":1020},"end":{"line":48,"column":1}},"line":1}},"f":{"0":1}}
,"C:\\Users\\myPC\\Desktop\\dev\\personal\\remunedata\\remunedata-web\\src\\modules\\dashboard\\composables\\useDashboardSummary.ts": {"path":"C:\\Users\\myPC\\Desktop\\dev\\personal\\remunedata\\remunedata-web\\src\\modules\\dashboard\\composables\\useDashboardSummary.ts","all":true,"statementMap":{"0":{"start":{"line":1,"column":0},"end":{"line":1,"column":46}},"1":{"start":{"line":2,"column":0},"end":{"line":2,"column":60}},"3":{"start":{"line":4,"column":0},"end":{"line":4,"column":39}},"4":{"start":{"line":5,"column":0},"end":{"line":5,"column":19}},"5":{"start":{"line":6,"column":0},"end":{"line":6,"column":39}},"6":{"start":{"line":7,"column":0},"end":{"line":7,"column":47}},"7":{"start":{"line":8,"column":0},"end":{"line":8,"column":51}},"8":{"start":{"line":9,"column":0},"end":{"line":9,"column":4}},"9":{"start":{"line":10,"column":0},"end":{"line":10,"column":1}}},"s":{"0":0,"1":0,"3":0,"4":0,"5":0,"6":0,"7":0,"8":0,"9":0},"branchMap":{"0":{"type":"branch","line":1,"loc":{"start":{"line":1,"column":315},"end":{"line":10,"column":1}},"locations":[{"start":{"line":1,"column":315},"end":{"line":10,"column":1}}]}},"b":{"0":[0]},"fnMap":{"0":{"name":"(empty-report)","decl":{"start":{"line":1,"column":315},"end":{"line":10,"column":1}},"loc":{"start":{"line":1,"column":315},"end":{"line":10,"column":1}},"line":1}},"f":{"0":0}}
,"C:\\Users\\myPC\\Desktop\\dev\\personal\\remunedata\\remunedata-web\\src\\modules\\dashboard\\services\\summary.service.ts": {"path":"C:\\Users\\myPC\\Desktop\\dev\\personal\\remunedata\\remunedata-web\\src\\modules\\dashboard\\services\\summary.service.ts","all":false,"statementMap":{"0":{"start":{"line":1,"column":0},"end":{"line":1,"column":43}},"3":{"start":{"line":4,"column":0},"end":{"line":4,"column":31}},"4":{"start":{"line":5,"column":0},"end":{"line":5,"column":40}},"5":{"start":{"line":6,"column":0},"end":{"line":6,"column":75}},"6":{"start":{"line":7,"column":0},"end":{"line":7,"column":15}},"7":{"start":{"line":8,"column":0},"end":{"line":8,"column":4}},"8":{"start":{"line":9,"column":0},"end":{"line":9,"column":1}}},"s":{"0":1,"3":1,"4":1,"5":2,"6":1,"7":2,"8":1},"branchMap":{"0":{"type":"branch","line":5,"loc":{"start":{"line":5,"column":2},"end":{"line":8,"column":4}},"locations":[{"start":{"line":5,"column":2},"end":{"line":8,"column":4}}]},"1":{"type":"branch","line":6,"loc":{"start":{"line":6,"column":74},"end":{"line":7,"column":15}},"locations":[{"start":{"line":6,"column":74},"end":{"line":7,"column":15}}]}},"b":{"0":[2],"1":[1]},"fnMap":{"0":{"name":"getSummary","decl":{"start":{"line":5,"column":2},"end":{"line":8,"column":4}},"loc":{"start":{"line":5,"column":2},"end":{"line":8,"column":4}},"line":5}},"f":{"0":2}}
,"C:\\Users\\myPC\\Desktop\\dev\\personal\\remunedata\\remunedata-web\\src\\modules\\dashboard\\views\\DashboardView.vue": {"path":"C:\\Users\\myPC\\Desktop\\dev\\personal\\remunedata\\remunedata-web\\src\\modules\\dashboard\\views\\DashboardView.vue","all":true,"statementMap":{"1":{"start":{"line":2,"column":0},"end":{"line":2,"column":30}},"2":{"start":{"line":3,"column":0},"end":{"line":3,"column":59}},"3":{"start":{"line":4,"column":0},"end":{"line":4,"column":72}},"4":{"start":{"line":5,"column":0},"end":{"line":5,"column":59}},"5":{"start":{"line":6,"column":0},"end":{"line":6,"column":47}},"6":{"start":{"line":7,"column":0},"end":{"line":7,"column":49}},"8":{"start":{"line":9,"column":0},"end":{"line":9,"column":65}},"10":{"start":{"line":11,"column":0},"end":{"line":11,"column":37}},"11":{"start":{"line":12,"column":0},"end":{"line":12,"column":28}},"13":{"start":{"line":14,"column":0},"end":{"line":14,"column":100}},"14":{"start":{"line":15,"column":0},"end":{"line":15,"column":64}},"16":{"start":{"line":17,"column":0},"end":{"line":17,"column":10}},"17":{"start":{"line":18,"column":0},"end":{"line":18,"column":33}},"18":{"start":{"line":19,"column":0},"end":{"line":19,"column":72}},"19":{"start":{"line":20,"column":0},"end":{"line":20,"column":69}},"20":{"start":{"line":21,"column":0},"end":{"line":21,"column":50}},"21":{"start":{"line":22,"column":0},"end":{"line":22,"column":13}},"22":{"start":{"line":23,"column":0},"end":{"line":23,"column":7}},"23":{"start":{"line":24,"column":0},"end":{"line":24,"column":37}},"24":{"start":{"line":25,"column":0},"end":{"line":25,"column":20}},"25":{"start":{"line":26,"column":0},"end":{"line":26,"column":21}},"26":{"start":{"line":27,"column":0},"end":{"line":27,"column":40}},"27":{"start":{"line":28,"column":0},"end":{"line":28,"column":16}},"28":{"start":{"line":29,"column":0},"end":{"line":29,"column":21}},"29":{"start":{"line":30,"column":0},"end":{"line":30,"column":28}},"30":{"start":{"line":31,"column":0},"end":{"line":31,"column":67}},"31":{"start":{"line":32,"column":0},"end":{"line":32,"column":10}},"32":{"start":{"line":33,"column":0},"end":{"line":33,"column":8}},"33":{"start":{"line":34,"column":0},"end":{"line":34,"column":6}},"34":{"start":{"line":35,"column":0},"end":{"line":35,"column":3}},"35":{"start":{"line":36,"column":0},"end":{"line":36,"column":2}},"39":{"start":{"line":40,"column":0},"end":{"line":40,"column":25}},"40":{"start":{"line":41,"column":0},"end":{"line":41,"column":37}},"41":{"start":{"line":42,"column":0},"end":{"line":42,"column":79}},"42":{"start":{"line":43,"column":0},"end":{"line":43,"column":32}},"44":{"start":{"line":45,"column":0},"end":{"line":45,"column":43}},"45":{"start":{"line":46,"column":0},"end":{"line":46,"column":10}},"46":{"start":{"line":47,"column":0},"end":{"line":47,"column":10}},"48":{"start":{"line":49,"column":0},"end":{"line":49,"column":22}},"49":{"start":{"line":50,"column":0},"end":{"line":50,"column":55}},"50":{"start":{"line":51,"column":0},"end":{"line":51,"column":15}},"51":{"start":{"line":52,"column":0},"end":{"line":52,"column":35}},"52":{"start":{"line":53,"column":0},"end":{"line":53,"column":90}},"53":{"start":{"line":54,"column":0},"end":{"line":54,"column":53}},"54":{"start":{"line":55,"column":0},"end":{"line":55,"column":21}},"55":{"start":{"line":56,"column":0},"end":{"line":56,"column":8}},"56":{"start":{"line":57,"column":0},"end":{"line":57,"column":15}},"57":{"start":{"line":58,"column":0},"end":{"line":58,"column":36}},"58":{"start":{"line":59,"column":0},"end":{"line":59,"column":84}},"59":{"start":{"line":60,"column":0},"end":{"line":60,"column":46}},"60":{"start":{"line":61,"column":0},"end":{"line":61,"column":26}},"61":{"start":{"line":62,"column":0},"end":{"line":62,"column":8}},"62":{"start":{"line":63,"column":0},"end":{"line":63,"column":15}},"63":{"start":{"line":64,"column":0},"end":{"line":64,"column":33}},"64":{"start":{"line":65,"column":0},"end":{"line":65,"column":81}},"65":{"start":{"line":66,"column":0},"end":{"line":66,"column":46}},"66":{"start":{"line":67,"column":0},"end":{"line":67,"column":22}},"67":{"start":{"line":68,"column":0},"end":{"line":68,"column":8}},"68":{"start":{"line":69,"column":0},"end":{"line":69,"column":10}},"70":{"start":{"line":71,"column":0},"end":{"line":71,"column":27}},"71":{"start":{"line":72,"column":0},"end":{"line":72,"column":75}},"72":{"start":{"line":73,"column":0},"end":{"line":73,"column":93}},"73":{"start":{"line":74,"column":0},"end":{"line":74,"column":10}},"74":{"start":{"line":75,"column":0},"end":{"line":75,"column":24}},"75":{"start":{"line":76,"column":0},"end":{"line":76,"column":95}},"77":{"start":{"line":78,"column":0},"end":{"line":78,"column":86}},"78":{"start":{"line":79,"column":0},"end":{"line":79,"column":12}},"79":{"start":{"line":80,"column":0},"end":{"line":80,"column":60}},"80":{"start":{"line":81,"column":0},"end":{"line":81,"column":10}},"81":{"start":{"line":82,"column":0},"end":{"line":82,"column":27}},"82":{"start":{"line":83,"column":0},"end":{"line":83,"column":109}},"84":{"start":{"line":85,"column":0},"end":{"line":85,"column":33}},"85":{"start":{"line":86,"column":0},"end":{"line":86,"column":72}},"86":{"start":{"line":87,"column":0},"end":{"line":87,"column":77}},"87":{"start":{"line":88,"column":0},"end":{"line":88,"column":14}},"88":{"start":{"line":89,"column":0},"end":{"line":89,"column":12}},"89":{"start":{"line":90,"column":0},"end":{"line":90,"column":10}},"90":{"start":{"line":91,"column":0},"end":{"line":91,"column":8}}},"s":{"1":0,"2":0,"3":0,"4":0,"5":0,"6":0,"8":0,"10":0,"11":0,"13":0,"14":0,"16":0,"17":0,"18":0,"19":0,"20":0,"21":0,"22":0,"23":0,"24":0,"25":0,"26":0,"27":0,"28":0,"29":0,"30":0,"31":0,"32":0,"33":0,"34":0,"35":0,"39":0,"40":0,"41":0,"42":0,"44":0,"45":0,"46":0,"48":0,"49":0,"50":0,"51":0,"52":0,"53":0,"54":0,"55":0,"56":0,"57":0,"58":0,"59":0,"60":0,"61":0,"62":0,"63":0,"64":0,"65":0,"66":0,"67":0,"68":0,"70":0,"71":0,"72":0,"73":0,"74":0,"75":0,"77":0,"78":0,"79":0,"80":0,"81":0,"82":0,"84":0,"85":0,"86":0,"87":0,"88":0,"89":0,"90":0},"branchMap":{"0":{"type":"branch","line":1,"loc":{"start":{"line":1,"column":3183},"end":{"line":92,"column":11}},"locations":[{"start":{"line":1,"column":3183},"end":{"line":92,"column":11}}]}},"b":{"0":[1]},"fnMap":{"0":{"name":"(empty-report)","decl":{"start":{"line":1,"column":3183},"end":{"line":92,"column":11}},"loc":{"start":{"line":1,"column":3183},"end":{"line":92,"column":11}},"line":1}},"f":{"0":1}}
,"C:\\Users\\myPC\\Desktop\\dev\\personal\\remunedata\\remunedata-web\\src\\modules\\executions\\composables\\useExecutions.ts": {"path":"C:\\Users\\myPC\\Desktop\\dev\\personal\\remunedata\\remunedata-web\\src\\modules\\executions\\composables\\useExecutions.ts","all":true,"statementMap":{"0":{"start":{"line":1,"column":0},"end":{"line":1,"column":25}},"1":{"start":{"line":2,"column":0},"end":{"line":2,"column":46}},"2":{"start":{"line":3,"column":0},"end":{"line":3,"column":64}},"4":{"start":{"line":5,"column":0},"end":{"line":5,"column":33}},"5":{"start":{"line":6,"column":0},"end":{"line":6,"column":21}},"7":{"start":{"line":8,"column":0},"end":{"line":8,"column":65}},"8":{"start":{"line":9,"column":0},"end":{"line":9,"column":43}},"9":{"start":{"line":10,"column":0},"end":{"line":10,"column":55}},"10":{"start":{"line":11,"column":0},"end":{"line":11,"column":4}},"12":{"start":{"line":13,"column":0},"end":{"line":13,"column":10}},"13":{"start":{"line":14,"column":0},"end":{"line":14,"column":9}},"14":{"start":{"line":15,"column":0},"end":{"line":15,"column":9}},"15":{"start":{"line":16,"column":0},"end":{"line":16,"column":14}},"16":{"start":{"line":17,"column":0},"end":{"line":17,"column":12}},"17":{"start":{"line":18,"column":0},"end":{"line":18,"column":10}},"18":{"start":{"line":19,"column":0},"end":{"line":19,"column":12}},"19":{"start":{"line":20,"column":0},"end":{"line":20,"column":3}},"20":{"start":{"line":21,"column":0},"end":{"line":21,"column":1}}},"s":{"0":0,"1":0,"2":0,"4":0,"5":0,"7":0,"8":0,"9":0,"10":0,"12":0,"13":0,"14":0,"15":0,"16":0,"17":0,"18":0,"19":0,"20":0},"branchMap":{"0":{"type":"branch","line":1,"loc":{"start":{"line":1,"column":456},"end":{"line":21,"column":1}},"locations":[{"start":{"line":1,"column":456},"end":{"line":21,"column":1}}]}},"b":{"0":[0]},"fnMap":{"0":{"name":"(empty-report)","decl":{"start":{"line":1,"column":456},"end":{"line":21,"column":1}},"loc":{"start":{"line":1,"column":456},"end":{"line":21,"column":1}},"line":1}},"f":{"0":0}}
,"C:\\Users\\myPC\\Desktop\\dev\\personal\\remunedata\\remunedata-web\\src\\modules\\executions\\services\\execution.service.ts": {"path":"C:\\Users\\myPC\\Desktop\\dev\\personal\\remunedata\\remunedata-web\\src\\modules\\executions\\services\\execution.service.ts","all":false,"statementMap":{"0":{"start":{"line":1,"column":0},"end":{"line":1,"column":43}},"3":{"start":{"line":4,"column":0},"end":{"line":4,"column":33}},"4":{"start":{"line":5,"column":0},"end":{"line":5,"column":77}},"5":{"start":{"line":6,"column":0},"end":{"line":6,"column":89}},"6":{"start":{"line":7,"column":0},"end":{"line":7,"column":29}},"7":{"start":{"line":8,"column":0},"end":{"line":8,"column":6}},"8":{"start":{"line":9,"column":0},"end":{"line":9,"column":15}},"9":{"start":{"line":10,"column":0},"end":{"line":10,"column":4}},"10":{"start":{"line":11,"column":0},"end":{"line":11,"column":1}}},"s":{"0":1,"3":1,"4":1,"5":1,"6":1,"7":1,"8":1,"9":1,"10":1},"branchMap":{"0":{"type":"branch","line":5,"loc":{"start":{"line":5,"column":2},"end":{"line":10,"column":4}},"locations":[{"start":{"line":5,"column":2},"end":{"line":10,"column":4}}]}},"b":{"0":[1]},"fnMap":{"0":{"name":"getAll","decl":{"start":{"line":5,"column":2},"end":{"line":10,"column":4}},"loc":{"start":{"line":5,"column":2},"end":{"line":10,"column":4}},"line":5}},"f":{"0":1}}
,"C:\\Users\\myPC\\Desktop\\dev\\personal\\remunedata\\remunedata-web\\src\\modules\\executions\\views\\ExecutionsView.vue": {"path":"C:\\Users\\myPC\\Desktop\\dev\\personal\\remunedata\\remunedata-web\\src\\modules\\executions\\views\\ExecutionsView.vue","all":true,"statementMap":{"1":{"start":{"line":2,"column":0},"end":{"line":2,"column":82}},"2":{"start":{"line":3,"column":0},"end":{"line":3,"column":60}},"3":{"start":{"line":4,"column":0},"end":{"line":4,"column":51}},"4":{"start":{"line":5,"column":0},"end":{"line":5,"column":49}},"5":{"start":{"line":6,"column":0},"end":{"line":6,"column":51}},"7":{"start":{"line":8,"column":0},"end":{"line":8,"column":49}},"9":{"start":{"line":10,"column":0},"end":{"line":10,"column":22}},"10":{"start":{"line":11,"column":0},"end":{"line":11,"column":37}},"11":{"start":{"line":12,"column":0},"end":{"line":12,"column":39}},"12":{"start":{"line":13,"column":0},"end":{"line":13,"column":40}},"13":{"start":{"line":14,"column":0},"end":{"line":14,"column":82}},"14":{"start":{"line":15,"column":0},"end":{"line":15,"column":80}},"15":{"start":{"line":16,"column":0},"end":{"line":16,"column":1}},"17":{"start":{"line":18,"column":0},"end":{"line":18,"column":44}},"18":{"start":{"line":19,"column":0},"end":{"line":19,"column":29}},"19":{"start":{"line":20,"column":0},"end":{"line":20,"column":51}},"20":{"start":{"line":21,"column":0},"end":{"line":21,"column":45}},"21":{"start":{"line":22,"column":0},"end":{"line":22,"column":1}},"25":{"start":{"line":26,"column":0},"end":{"line":26,"column":25}},"26":{"start":{"line":27,"column":0},"end":{"line":27,"column":9}},"27":{"start":{"line":28,"column":0},"end":{"line":28,"column":77}},"28":{"start":{"line":29,"column":0},"end":{"line":29,"column":94}},"29":{"start":{"line":30,"column":0},"end":{"line":30,"column":10}},"31":{"start":{"line":32,"column":0},"end":{"line":32,"column":19}},"32":{"start":{"line":33,"column":0},"end":{"line":33,"column":87}},"33":{"start":{"line":34,"column":0},"end":{"line":34,"column":40}},"34":{"start":{"line":35,"column":0},"end":{"line":35,"column":12}},"35":{"start":{"line":36,"column":0},"end":{"line":36,"column":97}},"36":{"start":{"line":37,"column":0},"end":{"line":37,"column":46}},"38":{"start":{"line":39,"column":0},"end":{"line":39,"column":79}},"39":{"start":{"line":40,"column":0},"end":{"line":40,"column":48}},"40":{"start":{"line":41,"column":0},"end":{"line":41,"column":63}},"41":{"start":{"line":42,"column":0},"end":{"line":42,"column":14}},"44":{"start":{"line":45,"column":0},"end":{"line":45,"column":42}},"45":{"start":{"line":46,"column":0},"end":{"line":46,"column":75}},"46":{"start":{"line":47,"column":0},"end":{"line":47,"column":57}},"47":{"start":{"line":48,"column":0},"end":{"line":48,"column":41}},"48":{"start":{"line":49,"column":0},"end":{"line":49,"column":15}},"51":{"start":{"line":52,"column":0},"end":{"line":52,"column":40}},"52":{"start":{"line":53,"column":0},"end":{"line":53,"column":82}},"53":{"start":{"line":54,"column":0},"end":{"line":54,"column":39}},"54":{"start":{"line":55,"column":0},"end":{"line":55,"column":39}},"55":{"start":{"line":56,"column":0},"end":{"line":56,"column":15}},"56":{"start":{"line":57,"column":0},"end":{"line":57,"column":93}},"59":{"start":{"line":60,"column":0},"end":{"line":60,"column":51}},"60":{"start":{"line":61,"column":0},"end":{"line":61,"column":106}},"63":{"start":{"line":64,"column":0},"end":{"line":64,"column":47}},"64":{"start":{"line":65,"column":0},"end":{"line":65,"column":97}},"65":{"start":{"line":66,"column":0},"end":{"line":66,"column":67}},"66":{"start":{"line":67,"column":0},"end":{"line":67,"column":15}},"68":{"start":{"line":69,"column":0},"end":{"line":69,"column":16}},"70":{"start":{"line":71,"column":0},"end":{"line":71,"column":22}},"71":{"start":{"line":72,"column":0},"end":{"line":72,"column":70}},"72":{"start":{"line":73,"column":0},"end":{"line":73,"column":85}},"74":{"start":{"line":75,"column":0},"end":{"line":75,"column":19}},"75":{"start":{"line":76,"column":0},"end":{"line":76,"column":94}},"77":{"start":{"line":78,"column":0},"end":{"line":78,"column":19}},"78":{"start":{"line":79,"column":0},"end":{"line":79,"column":10}},"79":{"start":{"line":80,"column":0},"end":{"line":80,"column":8}}},"s":{"1":0,"2":0,"3":0,"4":0,"5":0,"7":0,"9":0,"10":0,"11":0,"12":0,"13":0,"14":0,"15":0,"17":0,"18":0,"19":0,"20":0,"21":0,"25":0,"26":0,"27":0,"28":0,"29":0,"31":0,"32":0,"33":0,"34":0,"35":0,"36":0,"38":0,"39":0,"40":0,"41":0,"44":0,"45":0,"46":0,"47":0,"48":0,"51":0,"52":0,"53":0,"54":0,"55":0,"56":0,"59":0,"60":0,"63":0,"64":0,"65":0,"66":0,"68":0,"70":0,"71":0,"72":0,"74":0,"75":0,"77":0,"78":0,"79":0},"branchMap":{"0":{"type":"branch","line":1,"loc":{"start":{"line":1,"column":3056},"end":{"line":81,"column":11}},"locations":[{"start":{"line":1,"column":3056},"end":{"line":81,"column":11}}]}},"b":{"0":[1]},"fnMap":{"0":{"name":"(empty-report)","decl":{"start":{"line":1,"column":3056},"end":{"line":81,"column":11}},"loc":{"start":{"line":1,"column":3056},"end":{"line":81,"column":11}},"line":1}},"f":{"0":1}}
,"C:\\Users\\myPC\\Desktop\\dev\\personal\\remunedata\\remunedata-web\\src\\modules\\remuneration\\composables\\useRemunerationSearch.ts": {"path":"C:\\Users\\myPC\\Desktop\\dev\\personal\\remunedata\\remunedata-web\\src\\modules\\remuneration\\composables\\useRemunerationSearch.ts","all":false,"statementMap":{"0":{"start":{"line":1,"column":0},"end":{"line":1,"column":32}},"1":{"start":{"line":2,"column":0},"end":{"line":2,"column":48}},"2":{"start":{"line":3,"column":0},"end":{"line":3,"column":46}},"3":{"start":{"line":4,"column":0},"end":{"line":4,"column":90}},"5":{"start":{"line":6,"column":0},"end":{"line":6,"column":41}},"6":{"start":{"line":7,"column":0},"end":{"line":7,"column":26}},"7":{"start":{"line":8,"column":0},"end":{"line":8,"column":28}},"9":{"start":{"line":10,"column":0},"end":{"line":10,"column":38}},"10":{"start":{"line":11,"column":0},"end":{"line":11,"column":45}},"11":{"start":{"line":12,"column":0},"end":{"line":12,"column":43}},"12":{"start":{"line":13,"column":0},"end":{"line":13,"column":58}},"13":{"start":{"line":14,"column":0},"end":{"line":14,"column":45}},"14":{"start":{"line":15,"column":0},"end":{"line":15,"column":47}},"15":{"start":{"line":16,"column":0},"end":{"line":16,"column":47}},"16":{"start":{"line":17,"column":0},"end":{"line":17,"column":58}},"17":{"start":{"line":18,"column":0},"end":{"line":18,"column":59}},"18":{"start":{"line":19,"column":0},"end":{"line":19,"column":4}},"20":{"start":{"line":21,"column":0},"end":{"line":21,"column":65}},"21":{"start":{"line":22,"column":0},"end":{"line":22,"column":50}},"22":{"start":{"line":23,"column":0},"end":{"line":23,"column":61}},"23":{"start":{"line":24,"column":0},"end":{"line":24,"column":52}},"24":{"start":{"line":25,"column":0},"end":{"line":25,"column":4}},"27":{"start":{"line":28,"column":0},"end":{"line":28,"column":8}},"28":{"start":{"line":29,"column":0},"end":{"line":29,"column":12}},"29":{"start":{"line":30,"column":0},"end":{"line":30,"column":21}},"30":{"start":{"line":31,"column":0},"end":{"line":31,"column":44}},"32":{"start":{"line":33,"column":0},"end":{"line":33,"column":43}},"33":{"start":{"line":34,"column":0},"end":{"line":34,"column":42}},"34":{"start":{"line":35,"column":0},"end":{"line":35,"column":8}},"36":{"start":{"line":37,"column":0},"end":{"line":37,"column":28}},"37":{"start":{"line":38,"column":0},"end":{"line":38,"column":6}},"38":{"start":{"line":39,"column":0},"end":{"line":39,"column":19}},"39":{"start":{"line":40,"column":0},"end":{"line":40,"column":3}},"41":{"start":{"line":42,"column":0},"end":{"line":42,"column":37}},"42":{"start":{"line":43,"column":0},"end":{"line":43,"column":29}},"43":{"start":{"line":44,"column":0},"end":{"line":44,"column":3}},"45":{"start":{"line":46,"column":0},"end":{"line":46,"column":30}},"46":{"start":{"line":47,"column":0},"end":{"line":47,"column":21}},"47":{"start":{"line":48,"column":0},"end":{"line":48,"column":15}},"48":{"start":{"line":49,"column":0},"end":{"line":49,"column":14}},"49":{"start":{"line":50,"column":0},"end":{"line":50,"column":16}},"50":{"start":{"line":51,"column":0},"end":{"line":51,"column":16}},"51":{"start":{"line":52,"column":0},"end":{"line":52,"column":16}},"52":{"start":{"line":53,"column":0},"end":{"line":53,"column":16}},"53":{"start":{"line":54,"column":0},"end":{"line":54,"column":14}},"54":{"start":{"line":55,"column":0},"end":{"line":55,"column":15}},"55":{"start":{"line":56,"column":0},"end":{"line":56,"column":5}},"56":{"start":{"line":57,"column":0},"end":{"line":57,"column":3}},"58":{"start":{"line":59,"column":0},"end":{"line":59,"column":10}},"59":{"start":{"line":60,"column":0},"end":{"line":60,"column":12}},"60":{"start":{"line":61,"column":0},"end":{"line":61,"column":9}},"61":{"start":{"line":62,"column":0},"end":{"line":62,"column":14}},"62":{"start":{"line":63,"column":0},"end":{"line":63,"column":12}},"63":{"start":{"line":64,"column":0},"end":{"line":64,"column":10}},"64":{"start":{"line":65,"column":0},"end":{"line":65,"column":12}},"65":{"start":{"line":66,"column":0},"end":{"line":66,"column":17}},"66":{"start":{"line":67,"column":0},"end":{"line":67,"column":12}},"67":{"start":{"line":68,"column":0},"end":{"line":68,"column":3}},"68":{"start":{"line":69,"column":0},"end":{"line":69,"column":1}}},"s":{"0":1,"1":1,"2":1,"3":1,"5":1,"6":3,"7":3,"9":3,"10":3,"11":3,"12":3,"13":3,"14":3,"15":3,"16":3,"17":3,"18":3,"20":3,"21":3,"22":3,"23":3,"24":3,"27":3,"28":3,"29":3,"30":2,"32":2,"33":16,"34":2,"36":2,"37":2,"38":3,"39":3,"41":3,"42":1,"43":1,"45":3,"46":1,"47":1,"48":1,"49":1,"50":1,"51":1,"52":1,"53":1,"54":1,"55":1,"56":1,"58":3,"59":3,"60":3,"61":3,"62":3,"63":3,"64":3,"65":3,"66":3,"67":3,"68":3},"branchMap":{"0":{"type":"branch","line":6,"loc":{"start":{"line":6,"column":7},"end":{"line":69,"column":1}},"locations":[{"start":{"line":6,"column":7},"end":{"line":69,"column":1}}]},"1":{"type":"branch","line":13,"loc":{"start":{"line":13,"column":21},"end":{"line":13,"column":53}},"locations":[{"start":{"line":13,"column":21},"end":{"line":13,"column":53}}]},"2":{"type":"branch","line":17,"loc":{"start":{"line":17,"column":22},"end":{"line":17,"column":56}},"locations":[{"start":{"line":17,"column":22},"end":{"line":17,"column":56}}]},"3":{"type":"branch","line":18,"loc":{"start":{"line":18,"column":22},"end":{"line":18,"column":56}},"locations":[{"start":{"line":18,"column":22},"end":{"line":18,"column":56}}]},"4":{"type":"branch","line":30,"loc":{"start":{"line":30,"column":4},"end":{"line":38,"column":6}},"locations":[{"start":{"line":30,"column":4},"end":{"line":38,"column":6}}]},"5":{"type":"branch","line":33,"loc":{"start":{"line":33,"column":33},"end":{"line":35,"column":7}},"locations":[{"start":{"line":33,"column":33},"end":{"line":35,"column":7}}]},"6":{"type":"branch","line":34,"loc":{"start":{"line":34,"column":25},"end":{"line":34,"column":42}},"locations":[{"start":{"line":34,"column":25},"end":{"line":34,"column":42}}]},"7":{"type":"branch","line":42,"loc":{"start":{"line":42,"column":18},"end":{"line":44,"column":3}},"locations":[{"start":{"line":42,"column":18},"end":{"line":44,"column":3}}]},"8":{"type":"branch","line":46,"loc":{"start":{"line":46,"column":23},"end":{"line":57,"column":3}},"locations":[{"start":{"line":46,"column":23},"end":{"line":57,"column":3}}]}},"b":{"0":[3],"1":[0],"2":[0],"3":[0],"4":[2],"5":[16],"6":[8],"7":[1],"8":[1]},"fnMap":{"0":{"name":"useRemunerationSearch","decl":{"start":{"line":6,"column":7},"end":{"line":69,"column":1}},"loc":{"start":{"line":6,"column":7},"end":{"line":69,"column":1}},"line":6},"1":{"name":"queryFn","decl":{"start":{"line":23,"column":13},"end":{"line":23,"column":61}},"loc":{"start":{"line":23,"column":13},"end":{"line":23,"column":61}},"line":23},"2":{"name":"placeholderData","decl":{"start":{"line":24,"column":21},"end":{"line":24,"column":52}},"loc":{"start":{"line":24,"column":21},"end":{"line":24,"column":52}},"line":24},"3":{"name":"deep","decl":{"start":{"line":30,"column":4},"end":{"line":38,"column":6}},"loc":{"start":{"line":30,"column":4},"end":{"line":38,"column":6}},"line":30},"4":{"name":"setPage","decl":{"start":{"line":42,"column":18},"end":{"line":44,"column":3}},"loc":{"start":{"line":42,"column":18},"end":{"line":44,"column":3}},"line":42},"5":{"name":"clearFilters","decl":{"start":{"line":46,"column":23},"end":{"line":57,"column":3}},"loc":{"start":{"line":46,"column":23},"end":{"line":57,"column":3}},"line":46}},"f":{"0":3,"1":0,"2":0,"3":2,"4":1,"5":1}}
,"C:\\Users\\myPC\\Desktop\\dev\\personal\\remunedata\\remunedata-web\\src\\modules\\remuneration\\services\\remuneration.service.ts": {"path":"C:\\Users\\myPC\\Desktop\\dev\\personal\\remunedata\\remunedata-web\\src\\modules\\remuneration\\services\\remuneration.service.ts","all":false,"statementMap":{"0":{"start":{"line":1,"column":0},"end":{"line":1,"column":43}},"14":{"start":{"line":15,"column":0},"end":{"line":15,"column":36}},"15":{"start":{"line":16,"column":0},"end":{"line":16,"column":83}},"16":{"start":{"line":17,"column":0},"end":{"line":17,"column":95}},"17":{"start":{"line":18,"column":0},"end":{"line":18,"column":22}},"18":{"start":{"line":19,"column":0},"end":{"line":19,"column":6}},"19":{"start":{"line":20,"column":0},"end":{"line":20,"column":15}},"20":{"start":{"line":21,"column":0},"end":{"line":21,"column":4}},"22":{"start":{"line":23,"column":0},"end":{"line":23,"column":52}},"23":{"start":{"line":24,"column":0},"end":{"line":24,"column":79}},"24":{"start":{"line":25,"column":0},"end":{"line":25,"column":15}},"25":{"start":{"line":26,"column":0},"end":{"line":26,"column":4}},"27":{"start":{"line":28,"column":0},"end":{"line":28,"column":58}},"28":{"start":{"line":29,"column":0},"end":{"line":29,"column":95}},"29":{"start":{"line":30,"column":0},"end":{"line":30,"column":33}},"30":{"start":{"line":31,"column":0},"end":{"line":31,"column":6}},"31":{"start":{"line":32,"column":0},"end":{"line":32,"column":21}},"32":{"start":{"line":33,"column":0},"end":{"line":33,"column":4}},"33":{"start":{"line":34,"column":0},"end":{"line":34,"column":1}}},"s":{"0":1,"14":1,"15":1,"16":1,"17":1,"18":1,"19":1,"20":1,"22":1,"23":1,"24":1,"25":1,"27":1,"28":1,"29":1,"30":1,"31":1,"32":1,"33":1},"branchMap":{"0":{"type":"branch","line":16,"loc":{"start":{"line":16,"column":2},"end":{"line":21,"column":4}},"locations":[{"start":{"line":16,"column":2},"end":{"line":21,"column":4}}]},"1":{"type":"branch","line":23,"loc":{"start":{"line":23,"column":2},"end":{"line":26,"column":4}},"locations":[{"start":{"line":23,"column":2},"end":{"line":26,"column":4}}]},"2":{"type":"branch","line":28,"loc":{"start":{"line":28,"column":2},"end":{"line":33,"column":4}},"locations":[{"start":{"line":28,"column":2},"end":{"line":33,"column":4}}]}},"b":{"0":[1],"1":[1],"2":[1]},"fnMap":{"0":{"name":"search","decl":{"start":{"line":16,"column":2},"end":{"line":21,"column":4}},"loc":{"start":{"line":16,"column":2},"end":{"line":21,"column":4}},"line":16},"1":{"name":"getById","decl":{"start":{"line":23,"column":2},"end":{"line":26,"column":4}},"loc":{"start":{"line":23,"column":2},"end":{"line":26,"column":4}},"line":23},"2":{"name":"getHistory","decl":{"start":{"line":28,"column":2},"end":{"line":33,"column":4}},"loc":{"start":{"line":28,"column":2},"end":{"line":33,"column":4}},"line":28}},"f":{"0":1,"1":1,"2":1}}
,"C:\\Users\\myPC\\Desktop\\dev\\personal\\remunedata\\remunedata-web\\src\\modules\\remuneration\\views\\RemunerationDetailView.vue": {"path":"C:\\Users\\myPC\\Desktop\\dev\\personal\\remunedata\\remunedata-web\\src\\modules\\remuneration\\views\\RemunerationDetailView.vue","all":true,"statementMap":{"1":{"start":{"line":2,"column":0},"end":{"line":2,"column":46}},"2":{"start":{"line":3,"column":0},"end":{"line":3,"column":48}},"3":{"start":{"line":4,"column":0},"end":{"line":4,"column":46}},"4":{"start":{"line":5,"column":0},"end":{"line":5,"column":83}},"5":{"start":{"line":6,"column":0},"end":{"line":6,"column":70}},"6":{"start":{"line":7,"column":0},"end":{"line":7,"column":59}},"7":{"start":{"line":8,"column":0},"end":{"line":8,"column":57}},"8":{"start":{"line":9,"column":0},"end":{"line":9,"column":51}},"9":{"start":{"line":10,"column":0},"end":{"line":10,"column":49}},"10":{"start":{"line":11,"column":0},"end":{"line":11,"column":47}},"12":{"start":{"line":13,"column":0},"end":{"line":13,"column":24}},"13":{"start":{"line":14,"column":0},"end":{"line":14,"column":26}},"14":{"start":{"line":15,"column":0},"end":{"line":15,"column":34}},"17":{"start":{"line":18,"column":0},"end":{"line":18,"column":63}},"18":{"start":{"line":19,"column":0},"end":{"line":19,"column":43}},"19":{"start":{"line":20,"column":0},"end":{"line":20,"column":49}},"20":{"start":{"line":21,"column":0},"end":{"line":21,"column":2}},"23":{"start":{"line":24,"column":0},"end":{"line":24,"column":63}},"24":{"start":{"line":25,"column":0},"end":{"line":25,"column":85}},"25":{"start":{"line":26,"column":0},"end":{"line":26,"column":77}},"26":{"start":{"line":27,"column":0},"end":{"line":27,"column":57}},"27":{"start":{"line":28,"column":0},"end":{"line":28,"column":2}},"29":{"start":{"line":30,"column":0},"end":{"line":30,"column":37}},"30":{"start":{"line":31,"column":0},"end":{"line":31,"column":31}},"33":{"start":{"line":34,"column":0},"end":{"line":34,"column":52}},"34":{"start":{"line":35,"column":0},"end":{"line":35,"column":73}},"35":{"start":{"line":36,"column":0},"end":{"line":36,"column":73}},"36":{"start":{"line":37,"column":0},"end":{"line":37,"column":44}},"37":{"start":{"line":38,"column":0},"end":{"line":38,"column":4}},"39":{"start":{"line":40,"column":0},"end":{"line":40,"column":10}},"40":{"start":{"line":41,"column":0},"end":{"line":41,"column":33}},"41":{"start":{"line":42,"column":0},"end":{"line":42,"column":64}},"42":{"start":{"line":43,"column":0},"end":{"line":43,"column":73}},"43":{"start":{"line":44,"column":0},"end":{"line":44,"column":12}},"44":{"start":{"line":45,"column":0},"end":{"line":45,"column":23}},"45":{"start":{"line":46,"column":0},"end":{"line":46,"column":83}},"46":{"start":{"line":47,"column":0},"end":{"line":47,"column":6}},"47":{"start":{"line":48,"column":0},"end":{"line":48,"column":89}},"48":{"start":{"line":49,"column":0},"end":{"line":49,"column":13}},"49":{"start":{"line":50,"column":0},"end":{"line":50,"column":7}},"50":{"start":{"line":51,"column":0},"end":{"line":51,"column":27}},"51":{"start":{"line":52,"column":0},"end":{"line":52,"column":21}},"52":{"start":{"line":53,"column":0},"end":{"line":53,"column":47}},"53":{"start":{"line":54,"column":0},"end":{"line":54,"column":21}},"54":{"start":{"line":55,"column":0},"end":{"line":55,"column":40}},"55":{"start":{"line":56,"column":0},"end":{"line":56,"column":8}},"56":{"start":{"line":57,"column":0},"end":{"line":57,"column":7}},"57":{"start":{"line":58,"column":0},"end":{"line":58,"column":29}},"58":{"start":{"line":59,"column":0},"end":{"line":59,"column":21}},"59":{"start":{"line":60,"column":0},"end":{"line":60,"column":49}},"60":{"start":{"line":61,"column":0},"end":{"line":61,"column":21}},"61":{"start":{"line":62,"column":0},"end":{"line":62,"column":40}},"62":{"start":{"line":63,"column":0},"end":{"line":63,"column":8}},"63":{"start":{"line":64,"column":0},"end":{"line":64,"column":6}},"64":{"start":{"line":65,"column":0},"end":{"line":65,"column":3}},"65":{"start":{"line":66,"column":0},"end":{"line":66,"column":2}},"67":{"start":{"line":68,"column":0},"end":{"line":68,"column":34}},"71":{"start":{"line":72,"column":0},"end":{"line":72,"column":31}},"72":{"start":{"line":73,"column":0},"end":{"line":73,"column":19}},"73":{"start":{"line":74,"column":0},"end":{"line":74,"column":37}},"74":{"start":{"line":75,"column":0},"end":{"line":75,"column":95}},"75":{"start":{"line":76,"column":0},"end":{"line":76,"column":42}},"77":{"start":{"line":78,"column":0},"end":{"line":78,"column":19}},"79":{"start":{"line":80,"column":0},"end":{"line":80,"column":65}},"80":{"start":{"line":81,"column":0},"end":{"line":81,"column":59}},"81":{"start":{"line":82,"column":0},"end":{"line":82,"column":58}},"82":{"start":{"line":83,"column":0},"end":{"line":83,"column":12}},"83":{"start":{"line":84,"column":0},"end":{"line":84,"column":100}},"84":{"start":{"line":85,"column":0},"end":{"line":85,"column":31}},"85":{"start":{"line":86,"column":0},"end":{"line":86,"column":99}},"86":{"start":{"line":87,"column":0},"end":{"line":87,"column":80}},"87":{"start":{"line":88,"column":0},"end":{"line":88,"column":110}},"88":{"start":{"line":89,"column":0},"end":{"line":89,"column":113}},"89":{"start":{"line":90,"column":0},"end":{"line":90,"column":108}},"90":{"start":{"line":91,"column":0},"end":{"line":91,"column":16}},"91":{"start":{"line":92,"column":0},"end":{"line":92,"column":14}},"92":{"start":{"line":93,"column":0},"end":{"line":93,"column":93}},"93":{"start":{"line":94,"column":0},"end":{"line":94,"column":97}},"94":{"start":{"line":95,"column":0},"end":{"line":95,"column":113}},"95":{"start":{"line":96,"column":0},"end":{"line":96,"column":14}},"96":{"start":{"line":97,"column":0},"end":{"line":97,"column":12}},"97":{"start":{"line":98,"column":0},"end":{"line":98,"column":10}},"99":{"start":{"line":100,"column":0},"end":{"line":100,"column":23}},"100":{"start":{"line":101,"column":0},"end":{"line":101,"column":55}},"101":{"start":{"line":102,"column":0},"end":{"line":102,"column":15}},"102":{"start":{"line":103,"column":0},"end":{"line":103,"column":33}},"103":{"start":{"line":104,"column":0},"end":{"line":104,"column":83}},"104":{"start":{"line":105,"column":0},"end":{"line":105,"column":52}},"105":{"start":{"line":106,"column":0},"end":{"line":106,"column":26}},"106":{"start":{"line":107,"column":0},"end":{"line":107,"column":8}},"107":{"start":{"line":108,"column":0},"end":{"line":108,"column":15}},"108":{"start":{"line":109,"column":0},"end":{"line":109,"column":35}},"109":{"start":{"line":110,"column":0},"end":{"line":110,"column":85}},"110":{"start":{"line":111,"column":0},"end":{"line":111,"column":46}},"111":{"start":{"line":112,"column":0},"end":{"line":112,"column":26}},"112":{"start":{"line":113,"column":0},"end":{"line":113,"column":8}},"113":{"start":{"line":114,"column":0},"end":{"line":114,"column":15}},"114":{"start":{"line":115,"column":0},"end":{"line":115,"column":34}},"115":{"start":{"line":116,"column":0},"end":{"line":116,"column":70}},"116":{"start":{"line":117,"column":0},"end":{"line":117,"column":49}},"117":{"start":{"line":118,"column":0},"end":{"line":118,"column":25}},"118":{"start":{"line":119,"column":0},"end":{"line":119,"column":8}},"119":{"start":{"line":120,"column":0},"end":{"line":120,"column":10}},"121":{"start":{"line":122,"column":0},"end":{"line":122,"column":27}},"122":{"start":{"line":123,"column":0},"end":{"line":123,"column":75}},"123":{"start":{"line":124,"column":0},"end":{"line":124,"column":90}},"124":{"start":{"line":125,"column":0},"end":{"line":125,"column":121}},"125":{"start":{"line":126,"column":0},"end":{"line":126,"column":84}},"126":{"start":{"line":127,"column":0},"end":{"line":127,"column":12}},"127":{"start":{"line":128,"column":0},"end":{"line":128,"column":103}},"128":{"start":{"line":129,"column":0},"end":{"line":129,"column":120}},"129":{"start":{"line":130,"column":0},"end":{"line":130,"column":81}},"130":{"start":{"line":131,"column":0},"end":{"line":131,"column":12}},"131":{"start":{"line":132,"column":0},"end":{"line":132,"column":10}},"133":{"start":{"line":134,"column":0},"end":{"line":134,"column":52}},"134":{"start":{"line":135,"column":0},"end":{"line":135,"column":87}},"135":{"start":{"line":136,"column":0},"end":{"line":136,"column":66}},"136":{"start":{"line":137,"column":0},"end":{"line":137,"column":80}},"137":{"start":{"line":138,"column":0},"end":{"line":138,"column":14}},"138":{"start":{"line":139,"column":0},"end":{"line":139,"column":47}},"139":{"start":{"line":140,"column":0},"end":{"line":140,"column":133}},"140":{"start":{"line":141,"column":0},"end":{"line":141,"column":21}},"141":{"start":{"line":142,"column":0},"end":{"line":142,"column":117}},"142":{"start":{"line":143,"column":0},"end":{"line":143,"column":75}},"143":{"start":{"line":144,"column":0},"end":{"line":144,"column":22}},"144":{"start":{"line":145,"column":0},"end":{"line":145,"column":51}},"145":{"start":{"line":146,"column":0},"end":{"line":146,"column":25}},"146":{"start":{"line":147,"column":0},"end":{"line":147,"column":87}},"147":{"start":{"line":148,"column":0},"end":{"line":148,"column":99}},"148":{"start":{"line":149,"column":0},"end":{"line":149,"column":26}},"149":{"start":{"line":150,"column":0},"end":{"line":150,"column":25}},"150":{"start":{"line":151,"column":0},"end":{"line":151,"column":89}},"151":{"start":{"line":152,"column":0},"end":{"line":152,"column":101}},"152":{"start":{"line":153,"column":0},"end":{"line":153,"column":26}},"153":{"start":{"line":154,"column":0},"end":{"line":154,"column":22}},"154":{"start":{"line":155,"column":0},"end":{"line":155,"column":19}},"155":{"start":{"line":156,"column":0},"end":{"line":156,"column":14}},"156":{"start":{"line":157,"column":0},"end":{"line":157,"column":10}},"157":{"start":{"line":158,"column":0},"end":{"line":158,"column":8}}},"s":{"1":0,"2":0,"3":0,"4":0,"5":0,"6":0,"7":0,"8":0,"9":0,"10":0,"12":0,"13":0,"14":0,"17":0,"18":0,"19":0,"20":0,"23":0,"24":0,"25":0,"26":0,"27":0,"29":0,"30":0,"33":0,"34":0,"35":0,"36":0,"37":0,"39":0,"40":0,"41":0,"42":0,"43":0,"44":0,"45":0,"46":0,"47":0,"48":0,"49":0,"50":0,"51":0,"52":0,"53":0,"54":0,"55":0,"56":0,"57":0,"58":0,"59":0,"60":0,"61":0,"62":0,"63":0,"64":0,"65":0,"67":0,"71":0,"72":0,"73":0,"74":0,"75":0,"77":0,"79":0,"80":0,"81":0,"82":0,"83":0,"84":0,"85":0,"86":0,"87":0,"88":0,"89":0,"90":0,"91":0,"92":0,"93":0,"94":0,"95":0,"96":0,"97":0,"99":0,"100":0,"101":0,"102":0,"103":0,"104":0,"105":0,"106":0,"107":0,"108":0,"109":0,"110":0,"111":0,"112":0,"113":0,"114":0,"115":0,"116":0,"117":0,"118":0,"119":0,"121":0,"122":0,"123":0,"124":0,"125":0,"126":0,"127":0,"128":0,"129":0,"130":0,"131":0,"133":0,"134":0,"135":0,"136":0,"137":0,"138":0,"139":0,"140":0,"141":0,"142":0,"143":0,"144":0,"145":0,"146":0,"147":0,"148":0,"149":0,"150":0,"151":0,"152":0,"153":0,"154":0,"155":0,"156":0,"157":0},"branchMap":{"0":{"type":"branch","line":1,"loc":{"start":{"line":1,"column":6766},"end":{"line":159,"column":11}},"locations":[{"start":{"line":1,"column":6766},"end":{"line":159,"column":11}}]}},"b":{"0":[1]},"fnMap":{"0":{"name":"(empty-report)","decl":{"start":{"line":1,"column":6766},"end":{"line":159,"column":11}},"loc":{"start":{"line":1,"column":6766},"end":{"line":159,"column":11}},"line":1}},"f":{"0":1}}
,"C:\\Users\\myPC\\Desktop\\dev\\personal\\remunedata\\remunedata-web\\src\\modules\\remuneration\\views\\RemunerationView.vue": {"path":"C:\\Users\\myPC\\Desktop\\dev\\personal\\remunedata\\remunedata-web\\src\\modules\\remuneration\\views\\RemunerationView.vue","all":true,"statementMap":{"1":{"start":{"line":2,"column":0},"end":{"line":2,"column":32}},"2":{"start":{"line":3,"column":0},"end":{"line":3,"column":85}},"3":{"start":{"line":4,"column":0},"end":{"line":4,"column":76}},"4":{"start":{"line":5,"column":0},"end":{"line":5,"column":59}},"5":{"start":{"line":6,"column":0},"end":{"line":6,"column":57}},"6":{"start":{"line":7,"column":0},"end":{"line":7,"column":51}},"7":{"start":{"line":8,"column":0},"end":{"line":8,"column":49}},"9":{"start":{"line":10,"column":0},"end":{"line":10,"column":69}},"11":{"start":{"line":12,"column":0},"end":{"line":12,"column":22}},"12":{"start":{"line":13,"column":0},"end":{"line":13,"column":46}},"13":{"start":{"line":14,"column":0},"end":{"line":14,"column":66}},"14":{"start":{"line":15,"column":0},"end":{"line":15,"column":66}},"15":{"start":{"line":16,"column":0},"end":{"line":16,"column":45}},"16":{"start":{"line":17,"column":0},"end":{"line":17,"column":46}},"17":{"start":{"line":18,"column":0},"end":{"line":18,"column":50}},"18":{"start":{"line":19,"column":0},"end":{"line":19,"column":1}},"21":{"start":{"line":22,"column":0},"end":{"line":22,"column":41}},"22":{"start":{"line":23,"column":0},"end":{"line":23,"column":24}},"23":{"start":{"line":24,"column":0},"end":{"line":24,"column":27}},"24":{"start":{"line":25,"column":0},"end":{"line":25,"column":31}},"25":{"start":{"line":26,"column":0},"end":{"line":26,"column":38}},"26":{"start":{"line":27,"column":0},"end":{"line":27,"column":28}},"27":{"start":{"line":28,"column":0},"end":{"line":28,"column":26}},"28":{"start":{"line":29,"column":0},"end":{"line":29,"column":9}},"29":{"start":{"line":30,"column":0},"end":{"line":30,"column":2}},"31":{"start":{"line":32,"column":0},"end":{"line":32,"column":31}},"32":{"start":{"line":33,"column":0},"end":{"line":33,"column":15}},"33":{"start":{"line":34,"column":0},"end":{"line":34,"column":28}},"34":{"start":{"line":35,"column":0},"end":{"line":35,"column":30}},"35":{"start":{"line":36,"column":0},"end":{"line":36,"column":26}},"36":{"start":{"line":37,"column":0},"end":{"line":37,"column":26}},"37":{"start":{"line":38,"column":0},"end":{"line":38,"column":25}},"38":{"start":{"line":39,"column":0},"end":{"line":39,"column":26}},"39":{"start":{"line":40,"column":0},"end":{"line":40,"column":26}},"40":{"start":{"line":41,"column":0},"end":{"line":41,"column":27}},"41":{"start":{"line":42,"column":0},"end":{"line":42,"column":29}},"42":{"start":{"line":43,"column":0},"end":{"line":43,"column":28}},"43":{"start":{"line":44,"column":0},"end":{"line":44,"column":29}},"44":{"start":{"line":45,"column":0},"end":{"line":45,"column":29}},"45":{"start":{"line":46,"column":0},"end":{"line":46,"column":1}},"49":{"start":{"line":50,"column":0},"end":{"line":50,"column":25}},"50":{"start":{"line":51,"column":0},"end":{"line":51,"column":81}},"51":{"start":{"line":52,"column":0},"end":{"line":52,"column":11}},"52":{"start":{"line":53,"column":0},"end":{"line":53,"column":86}},"53":{"start":{"line":54,"column":0},"end":{"line":54,"column":90}},"54":{"start":{"line":55,"column":0},"end":{"line":55,"column":12}},"55":{"start":{"line":56,"column":0},"end":{"line":56,"column":50}},"56":{"start":{"line":57,"column":0},"end":{"line":57,"column":36}},"58":{"start":{"line":59,"column":0},"end":{"line":59,"column":19}},"59":{"start":{"line":60,"column":0},"end":{"line":60,"column":10}},"61":{"start":{"line":62,"column":0},"end":{"line":62,"column":20}},"62":{"start":{"line":63,"column":0},"end":{"line":63,"column":85}},"63":{"start":{"line":64,"column":0},"end":{"line":64,"column":72}},"64":{"start":{"line":65,"column":0},"end":{"line":65,"column":21}},"65":{"start":{"line":66,"column":0},"end":{"line":66,"column":31}},"66":{"start":{"line":67,"column":0},"end":{"line":67,"column":92}},"67":{"start":{"line":68,"column":0},"end":{"line":68,"column":32}},"68":{"start":{"line":69,"column":0},"end":{"line":69,"column":94}},"69":{"start":{"line":70,"column":0},"end":{"line":70,"column":18}},"70":{"start":{"line":71,"column":0},"end":{"line":71,"column":33}},"71":{"start":{"line":72,"column":0},"end":{"line":72,"column":25}},"72":{"start":{"line":73,"column":0},"end":{"line":73,"column":44}},"73":{"start":{"line":74,"column":0},"end":{"line":74,"column":179}},"74":{"start":{"line":75,"column":0},"end":{"line":75,"column":14}},"75":{"start":{"line":76,"column":0},"end":{"line":76,"column":16}},"76":{"start":{"line":77,"column":0},"end":{"line":77,"column":14}},"78":{"start":{"line":79,"column":0},"end":{"line":79,"column":22}},"79":{"start":{"line":80,"column":0},"end":{"line":80,"column":31}},"80":{"start":{"line":81,"column":0},"end":{"line":81,"column":81}},"81":{"start":{"line":82,"column":0},"end":{"line":82,"column":16}},"82":{"start":{"line":83,"column":0},"end":{"line":83,"column":35}},"83":{"start":{"line":84,"column":0},"end":{"line":84,"column":23}},"84":{"start":{"line":85,"column":0},"end":{"line":85,"column":41}},"85":{"start":{"line":86,"column":0},"end":{"line":86,"column":171}},"86":{"start":{"line":87,"column":0},"end":{"line":87,"column":12}},"87":{"start":{"line":88,"column":0},"end":{"line":88,"column":14}},"89":{"start":{"line":90,"column":0},"end":{"line":90,"column":20}},"90":{"start":{"line":91,"column":0},"end":{"line":91,"column":31}},"91":{"start":{"line":92,"column":0},"end":{"line":92,"column":79}},"92":{"start":{"line":93,"column":0},"end":{"line":93,"column":17}},"93":{"start":{"line":94,"column":0},"end":{"line":94,"column":33}},"94":{"start":{"line":95,"column":0},"end":{"line":95,"column":171}},"96":{"start":{"line":97,"column":0},"end":{"line":97,"column":82}},"97":{"start":{"line":98,"column":0},"end":{"line":98,"column":19}},"98":{"start":{"line":99,"column":0},"end":{"line":99,"column":14}},"100":{"start":{"line":101,"column":0},"end":{"line":101,"column":20}},"101":{"start":{"line":102,"column":0},"end":{"line":102,"column":31}},"102":{"start":{"line":103,"column":0},"end":{"line":103,"column":79}},"103":{"start":{"line":104,"column":0},"end":{"line":104,"column":17}},"104":{"start":{"line":105,"column":0},"end":{"line":105,"column":33}},"105":{"start":{"line":106,"column":0},"end":{"line":106,"column":171}},"107":{"start":{"line":108,"column":0},"end":{"line":108,"column":81}},"108":{"start":{"line":109,"column":0},"end":{"line":109,"column":19}},"109":{"start":{"line":110,"column":0},"end":{"line":110,"column":14}},"110":{"start":{"line":111,"column":0},"end":{"line":111,"column":12}},"111":{"start":{"line":112,"column":0},"end":{"line":112,"column":10}},"113":{"start":{"line":114,"column":0},"end":{"line":114,"column":19}},"114":{"start":{"line":115,"column":0},"end":{"line":115,"column":87}},"115":{"start":{"line":116,"column":0},"end":{"line":116,"column":47}},"116":{"start":{"line":117,"column":0},"end":{"line":117,"column":19}},"117":{"start":{"line":118,"column":0},"end":{"line":118,"column":72}},"118":{"start":{"line":119,"column":0},"end":{"line":119,"column":119}},"120":{"start":{"line":121,"column":0},"end":{"line":121,"column":34}},"121":{"start":{"line":122,"column":0},"end":{"line":122,"column":21}},"124":{"start":{"line":125,"column":0},"end":{"line":125,"column":44}},"125":{"start":{"line":126,"column":0},"end":{"line":126,"column":86}},"126":{"start":{"line":127,"column":0},"end":{"line":127,"column":73}},"127":{"start":{"line":128,"column":0},"end":{"line":128,"column":15}},"130":{"start":{"line":131,"column":0},"end":{"line":131,"column":39}},"131":{"start":{"line":132,"column":0},"end":{"line":132,"column":83}},"132":{"start":{"line":133,"column":0},"end":{"line":133,"column":31}},"133":{"start":{"line":134,"column":0},"end":{"line":134,"column":15}},"136":{"start":{"line":137,"column":0},"end":{"line":137,"column":45}},"137":{"start":{"line":138,"column":0},"end":{"line":138,"column":92}},"140":{"start":{"line":141,"column":0},"end":{"line":141,"column":47}},"141":{"start":{"line":142,"column":0},"end":{"line":142,"column":98}},"143":{"start":{"line":144,"column":0},"end":{"line":144,"column":16}},"145":{"start":{"line":146,"column":0},"end":{"line":146,"column":22}},"146":{"start":{"line":147,"column":0},"end":{"line":147,"column":86}},"147":{"start":{"line":148,"column":0},"end":{"line":148,"column":40}},"148":{"start":{"line":149,"column":0},"end":{"line":149,"column":90}},"149":{"start":{"line":150,"column":0},"end":{"line":150,"column":80}},"150":{"start":{"line":151,"column":0},"end":{"line":151,"column":10}},"152":{"start":{"line":153,"column":0},"end":{"line":153,"column":30}},"153":{"start":{"line":154,"column":0},"end":{"line":154,"column":19}},"154":{"start":{"line":155,"column":0},"end":{"line":155,"column":27}},"155":{"start":{"line":156,"column":0},"end":{"line":156,"column":19}},"156":{"start":{"line":157,"column":0},"end":{"line":157,"column":40}},"157":{"start":{"line":158,"column":0},"end":{"line":158,"column":45}},"159":{"start":{"line":160,"column":0},"end":{"line":160,"column":55}},"160":{"start":{"line":161,"column":0},"end":{"line":161,"column":21}},"161":{"start":{"line":162,"column":0},"end":{"line":162,"column":89}},"162":{"start":{"line":163,"column":0},"end":{"line":163,"column":55}},"163":{"start":{"line":164,"column":0},"end":{"line":164,"column":14}},"164":{"start":{"line":165,"column":0},"end":{"line":165,"column":19}},"165":{"start":{"line":166,"column":0},"end":{"line":166,"column":27}},"166":{"start":{"line":167,"column":0},"end":{"line":167,"column":19}},"167":{"start":{"line":168,"column":0},"end":{"line":168,"column":49}},"168":{"start":{"line":169,"column":0},"end":{"line":169,"column":45}},"169":{"start":{"line":170,"column":0},"end":{"line":170,"column":9}},"170":{"start":{"line":171,"column":0},"end":{"line":171,"column":55}},"171":{"start":{"line":172,"column":0},"end":{"line":172,"column":21}},"172":{"start":{"line":173,"column":0},"end":{"line":173,"column":12}},"173":{"start":{"line":174,"column":0},"end":{"line":174,"column":10}},"174":{"start":{"line":175,"column":0},"end":{"line":175,"column":8}}},"s":{"1":0,"2":0,"3":0,"4":0,"5":0,"6":0,"7":0,"9":0,"11":0,"12":0,"13":0,"14":0,"15":0,"16":0,"17":0,"18":0,"21":0,"22":0,"23":0,"24":0,"25":0,"26":0,"27":0,"28":0,"29":0,"31":0,"32":0,"33":0,"34":0,"35":0,"36":0,"37":0,"38":0,"39":0,"40":0,"41":0,"42":0,"43":0,"44":0,"45":0,"49":0,"50":0,"51":0,"52":0,"53":0,"54":0,"55":0,"56":0,"58":0,"59":0,"61":0,"62":0,"63":0,"64":0,"65":0,"66":0,"67":0,"68":0,"69":0,"70":0,"71":0,"72":0,"73":0,"74":0,"75":0,"76":0,"78":0,"79":0,"80":0,"81":0,"82":0,"83":0,"84":0,"85":0,"86":0,"87":0,"89":0,"90":0,"91":0,"92":0,"93":0,"94":0,"96":0,"97":0,"98":0,"100":0,"101":0,"102":0,"103":0,"104":0,"105":0,"107":0,"108":0,"109":0,"110":0,"111":0,"113":0,"114":0,"115":0,"116":0,"117":0,"118":0,"120":0,"121":0,"124":0,"125":0,"126":0,"127":0,"130":0,"131":0,"132":0,"133":0,"136":0,"137":0,"140":0,"141":0,"143":0,"145":0,"146":0,"147":0,"148":0,"149":0,"150":0,"152":0,"153":0,"154":0,"155":0,"156":0,"157":0,"159":0,"160":0,"161":0,"162":0,"163":0,"164":0,"165":0,"166":0,"167":0,"168":0,"169":0,"170":0,"171":0,"172":0,"173":0,"174":0},"branchMap":{"0":{"type":"branch","line":1,"loc":{"start":{"line":1,"column":6555},"end":{"line":176,"column":11}},"locations":[{"start":{"line":1,"column":6555},"end":{"line":176,"column":11}}]}},"b":{"0":[1]},"fnMap":{"0":{"name":"(empty-report)","decl":{"start":{"line":1,"column":6555},"end":{"line":176,"column":11}},"loc":{"start":{"line":1,"column":6555},"end":{"line":176,"column":11}},"line":1}},"f":{"0":1}}
,"C:\\Users\\myPC\\Desktop\\dev\\personal\\remunedata\\remunedata-web\\src\\shared\\ui\\BaseButton.vue": {"path":"C:\\Users\\myPC\\Desktop\\dev\\personal\\remunedata\\remunedata-web\\src\\shared\\ui\\BaseButton.vue","all":false,"statementMap":{"1":{"start":{"line":2,"column":0},"end":{"line":2,"column":30}},"2":{"start":{"line":3,"column":0},"end":{"line":3,"column":44}},"3":{"start":{"line":4,"column":0},"end":{"line":4,"column":40}},"14":{"start":{"line":15,"column":0},"end":{"line":15,"column":50}},"26":{"start":{"line":27,"column":0},"end":{"line":27,"column":38}},"27":{"start":{"line":28,"column":0},"end":{"line":28,"column":30}},"28":{"start":{"line":29,"column":0},"end":{"line":29,"column":1}},"30":{"start":{"line":31,"column":0},"end":{"line":31,"column":23}},"31":{"start":{"line":32,"column":0},"end":{"line":32,"column":76}},"32":{"start":{"line":33,"column":0},"end":{"line":33,"column":82}},"33":{"start":{"line":34,"column":0},"end":{"line":34,"column":85}},"34":{"start":{"line":35,"column":0},"end":{"line":35,"column":60}},"35":{"start":{"line":36,"column":0},"end":{"line":36,"column":1}},"37":{"start":{"line":38,"column":0},"end":{"line":38,"column":20}},"38":{"start":{"line":39,"column":0},"end":{"line":39,"column":28}},"39":{"start":{"line":40,"column":0},"end":{"line":40,"column":28}},"40":{"start":{"line":41,"column":0},"end":{"line":41,"column":26}},"41":{"start":{"line":42,"column":0},"end":{"line":42,"column":1}},"43":{"start":{"line":44,"column":0},"end":{"line":44,"column":18}},"44":{"start":{"line":45,"column":0},"end":{"line":45,"column":210}},"46":{"start":{"line":47,"column":0},"end":{"line":47,"column":32}},"47":{"start":{"line":48,"column":0},"end":{"line":48,"column":90}},"48":{"start":{"line":49,"column":0},"end":{"line":49,"column":2}},"52":{"start":{"line":53,"column":0},"end":{"line":53,"column":9}},"53":{"start":{"line":54,"column":0},"end":{"line":54,"column":16}},"54":{"start":{"line":55,"column":0},"end":{"line":55,"column":24}},"55":{"start":{"line":56,"column":0},"end":{"line":56,"column":20}},"56":{"start":{"line":57,"column":0},"end":{"line":57,"column":27}},"57":{"start":{"line":58,"column":0},"end":{"line":58,"column":35}},"59":{"start":{"line":60,"column":0},"end":{"line":60,"column":12}},"60":{"start":{"line":61,"column":0},"end":{"line":61,"column":11}}},"s":{"1":1,"2":1,"3":1,"14":1,"26":3,"27":3,"28":3,"30":1,"31":1,"32":1,"33":1,"34":1,"35":1,"37":1,"38":1,"39":1,"40":1,"41":1,"43":1,"44":1,"46":1,"47":3,"48":1,"52":1,"53":1,"54":1,"55":1,"56":1,"57":1,"59":1,"60":1},"branchMap":{"0":{"type":"branch","line":27,"loc":{"start":{"line":27,"column":0},"end":{"line":29,"column":1}},"locations":[{"start":{"line":27,"column":0},"end":{"line":29,"column":1}}]},"1":{"type":"branch","line":47,"loc":{"start":{"line":47,"column":25},"end":{"line":49,"column":1}},"locations":[{"start":{"line":47,"column":25},"end":{"line":49,"column":1}}]},"2":{"type":"branch","line":58,"loc":{"start":{"line":58,"column":10},"end":{"line":58,"column":35}},"locations":[{"start":{"line":58,"column":10},"end":{"line":58,"column":35}}]}},"b":{"0":[3],"1":[3],"2":[1]},"fnMap":{"0":{"name":"cn","decl":{"start":{"line":27,"column":0},"end":{"line":29,"column":1}},"loc":{"start":{"line":27,"column":0},"end":{"line":29,"column":1}},"line":27},"1":{"name":"onClick._cache.<computed>._cache.<computed>","decl":{"start":{"line":58,"column":10},"end":{"line":58,"column":35}},"loc":{"start":{"line":58,"column":10},"end":{"line":58,"column":35}},"line":58}},"f":{"0":3,"1":1}}
,"C:\\Users\\myPC\\Desktop\\dev\\personal\\remunedata\\remunedata-web\\src\\shared\\ui\\BaseCard.vue": {"path":"C:\\Users\\myPC\\Desktop\\dev\\personal\\remunedata\\remunedata-web\\src\\shared\\ui\\BaseCard.vue","all":false,"statementMap":{"12":{"start":{"line":13,"column":0},"end":{"line":13,"column":6}},"13":{"start":{"line":14,"column":0},"end":{"line":14,"column":103}},"15":{"start":{"line":16,"column":0},"end":{"line":16,"column":55}},"16":{"start":{"line":17,"column":0},"end":{"line":17,"column":11}},"17":{"start":{"line":18,"column":0},"end":{"line":18,"column":96}},"18":{"start":{"line":19,"column":0},"end":{"line":19,"column":73}},"19":{"start":{"line":20,"column":0},"end":{"line":20,"column":12}},"20":{"start":{"line":21,"column":0},"end":{"line":21,"column":73}},"21":{"start":{"line":22,"column":0},"end":{"line":22,"column":48}},"22":{"start":{"line":23,"column":0},"end":{"line":23,"column":12}},"23":{"start":{"line":24,"column":0},"end":{"line":24,"column":10}},"24":{"start":{"line":25,"column":0},"end":{"line":25,"column":59}},"25":{"start":{"line":26,"column":0},"end":{"line":26,"column":23}},"26":{"start":{"line":27,"column":0},"end":{"line":27,"column":10}},"27":{"start":{"line":28,"column":0},"end":{"line":28,"column":74}},"28":{"start":{"line":29,"column":0},"end":{"line":29,"column":28}},"29":{"start":{"line":30,"column":0},"end":{"line":30,"column":10}},"30":{"start":{"line":31,"column":0},"end":{"line":31,"column":8}}},"s":{"12":1,"13":1,"15":1,"16":1,"17":1,"18":1,"19":1,"20":1,"21":0,"22":1,"23":1,"24":1,"25":0,"26":1,"27":1,"28":1,"29":1,"30":1},"branchMap":{"0":{"type":"branch","line":21,"loc":{"start":{"line":21,"column":17},"end":{"line":22,"column":48}},"locations":[{"start":{"line":21,"column":17},"end":{"line":22,"column":48}}]},"1":{"type":"branch","line":25,"loc":{"start":{"line":25,"column":15},"end":{"line":26,"column":23}},"locations":[{"start":{"line":25,"column":15},"end":{"line":26,"column":23}}]},"2":{"type":"branch","line":28,"loc":{"start":{"line":28,"column":22},"end":{"line":29,"column":28}},"locations":[{"start":{"line":28,"column":22},"end":{"line":29,"column":28}}]}},"b":{"0":[0],"1":[0],"2":[1]},"fnMap":{},"f":{}}
,"C:\\Users\\myPC\\Desktop\\dev\\personal\\remunedata\\remunedata-web\\src\\shared\\ui\\BaseChart.vue": {"path":"C:\\Users\\myPC\\Desktop\\dev\\personal\\remunedata\\remunedata-web\\src\\shared\\ui\\BaseChart.vue","all":true,"statementMap":{"1":{"start":{"line":2,"column":0},"end":{"line":2,"column":34}},"2":{"start":{"line":3,"column":0},"end":{"line":3,"column":50}},"3":{"start":{"line":4,"column":0},"end":{"line":4,"column":62}},"4":{"start":{"line":5,"column":0},"end":{"line":5,"column":8}},"10":{"start":{"line":11,"column":0},"end":{"line":11,"column":32}},"13":{"start":{"line":14,"column":0},"end":{"line":14,"column":5}},"14":{"start":{"line":15,"column":0},"end":{"line":15,"column":17}},"15":{"start":{"line":16,"column":0},"end":{"line":16,"column":11}},"16":{"start":{"line":17,"column":0},"end":{"line":17,"column":11}},"17":{"start":{"line":18,"column":0},"end":{"line":18,"column":12}},"18":{"start":{"line":19,"column":0},"end":{"line":19,"column":17}},"19":{"start":{"line":20,"column":0},"end":{"line":20,"column":19}},"20":{"start":{"line":21,"column":0},"end":{"line":21,"column":18}},"21":{"start":{"line":22,"column":0},"end":{"line":22,"column":16}},"22":{"start":{"line":23,"column":0},"end":{"line":23,"column":2}},"35":{"start":{"line":36,"column":0},"end":{"line":36,"column":95}},"36":{"start":{"line":37,"column":0},"end":{"line":37,"column":57}},"37":{"start":{"line":38,"column":0},"end":{"line":38,"column":8}}},"s":{"1":0,"2":0,"3":0,"4":0,"10":0,"13":0,"14":0,"15":0,"16":0,"17":0,"18":0,"19":0,"20":0,"21":0,"22":0,"35":0,"36":0,"37":0},"branchMap":{"0":{"type":"branch","line":1,"loc":{"start":{"line":1,"column":879},"end":{"line":46,"column":8}},"locations":[{"start":{"line":1,"column":879},"end":{"line":46,"column":8}}]}},"b":{"0":[1]},"fnMap":{"0":{"name":"(empty-report)","decl":{"start":{"line":1,"column":879},"end":{"line":46,"column":8}},"loc":{"start":{"line":1,"column":879},"end":{"line":46,"column":8}},"line":1}},"f":{"0":1}}
,"C:\\Users\\myPC\\Desktop\\dev\\personal\\remunedata\\remunedata-web\\src\\shared\\ui\\BaseTable.vue": {"path":"C:\\Users\\myPC\\Desktop\\dev\\personal\\remunedata\\remunedata-web\\src\\shared\\ui\\BaseTable.vue","all":false,"statementMap":{"14":{"start":{"line":15,"column":0},"end":{"line":15,"column":85}},"15":{"start":{"line":16,"column":0},"end":{"line":16,"column":33}},"16":{"start":{"line":17,"column":0},"end":{"line":17,"column":83}},"17":{"start":{"line":18,"column":0},"end":{"line":18,"column":64}},"18":{"start":{"line":19,"column":0},"end":{"line":19,"column":12}},"19":{"start":{"line":20,"column":0},"end":{"line":20,"column":13}},"20":{"start":{"line":21,"column":0},"end":{"line":21,"column":37}},"21":{"start":{"line":22,"column":0},"end":{"line":22,"column":29}},"22":{"start":{"line":23,"column":0},"end":{"line":23,"column":87}},"23":{"start":{"line":24,"column":0},"end":{"line":24,"column":33}},"25":{"start":{"line":26,"column":0},"end":{"line":26,"column":30}},"26":{"start":{"line":27,"column":0},"end":{"line":27,"column":15}},"27":{"start":{"line":28,"column":0},"end":{"line":28,"column":13}},"28":{"start":{"line":29,"column":0},"end":{"line":29,"column":14}},"29":{"start":{"line":30,"column":0},"end":{"line":30,"column":47}},"30":{"start":{"line":31,"column":0},"end":{"line":31,"column":30}},"31":{"start":{"line":32,"column":0},"end":{"line":32,"column":35}},"32":{"start":{"line":33,"column":0},"end":{"line":33,"column":60}},"33":{"start":{"line":34,"column":0},"end":{"line":34,"column":78}},"34":{"start":{"line":35,"column":0},"end":{"line":35,"column":65}},"35":{"start":{"line":36,"column":0},"end":{"line":36,"column":17}},"36":{"start":{"line":37,"column":0},"end":{"line":37,"column":15}},"39":{"start":{"line":40,"column":0},"end":{"line":40,"column":28}},"40":{"start":{"line":41,"column":0},"end":{"line":41,"column":68}},"41":{"start":{"line":42,"column":0},"end":{"line":42,"column":58}},"42":{"start":{"line":43,"column":0},"end":{"line":43,"column":73}},"43":{"start":{"line":44,"column":0},"end":{"line":44,"column":62}},"44":{"start":{"line":45,"column":0},"end":{"line":45,"column":49}},"45":{"start":{"line":46,"column":0},"end":{"line":46,"column":15}},"46":{"start":{"line":47,"column":0},"end":{"line":47,"column":90}},"47":{"start":{"line":48,"column":0},"end":{"line":48,"column":18}},"48":{"start":{"line":49,"column":0},"end":{"line":49,"column":15}},"49":{"start":{"line":50,"column":0},"end":{"line":50,"column":13}},"51":{"start":{"line":52,"column":0},"end":{"line":52,"column":27}},"52":{"start":{"line":53,"column":0},"end":{"line":53,"column":11}},"54":{"start":{"line":55,"column":0},"end":{"line":55,"column":40}},"55":{"start":{"line":56,"column":0},"end":{"line":56,"column":22}},"56":{"start":{"line":57,"column":0},"end":{"line":57,"column":74}},"57":{"start":{"line":58,"column":0},"end":{"line":58,"column":43}},"59":{"start":{"line":60,"column":0},"end":{"line":60,"column":13}},"60":{"start":{"line":61,"column":0},"end":{"line":61,"column":37}},"61":{"start":{"line":62,"column":0},"end":{"line":62,"column":29}},"62":{"start":{"line":63,"column":0},"end":{"line":63,"column":116}},"63":{"start":{"line":64,"column":0},"end":{"line":64,"column":33}},"65":{"start":{"line":66,"column":0},"end":{"line":66,"column":75}},"66":{"start":{"line":67,"column":0},"end":{"line":67,"column":45}},"67":{"start":{"line":68,"column":0},"end":{"line":68,"column":19}},"68":{"start":{"line":69,"column":0},"end":{"line":69,"column":15}},"69":{"start":{"line":70,"column":0},"end":{"line":70,"column":13}},"70":{"start":{"line":71,"column":0},"end":{"line":71,"column":14}},"71":{"start":{"line":72,"column":0},"end":{"line":72,"column":12}},"72":{"start":{"line":73,"column":0},"end":{"line":73,"column":8}},"73":{"start":{"line":74,"column":0},"end":{"line":74,"column":8}}},"s":{"14":1,"15":1,"16":1,"17":1,"18":1,"19":1,"20":1,"21":1,"22":1,"23":1,"25":1,"26":1,"27":1,"28":1,"29":1,"30":1,"31":1,"32":1,"33":1,"34":1,"35":1,"36":1,"39":1,"40":1,"41":1,"42":1,"43":1,"44":1,"45":1,"46":1,"47":1,"48":1,"49":1,"51":1,"52":1,"54":1,"55":1,"56":1,"57":1,"59":1,"60":1,"61":1,"62":1,"63":1,"65":1,"66":12,"67":1,"68":1,"69":1,"70":1,"71":1,"72":1,"73":1},"branchMap":{"0":{"type":"branch","line":32,"loc":{"start":{"line":32,"column":24},"end":{"line":41,"column":29}},"locations":[{"start":{"line":32,"column":24},"end":{"line":41,"column":29}}]},"1":{"type":"branch","line":41,"loc":{"start":{"line":41,"column":35},"end":{"line":53,"column":11}},"locations":[{"start":{"line":41,"column":35},"end":{"line":53,"column":11}}]},"2":{"type":"branch","line":34,"loc":{"start":{"line":34,"column":66},"end":{"line":35,"column":65}},"locations":[{"start":{"line":34,"column":66},"end":{"line":35,"column":65}}]},"3":{"type":"branch","line":58,"loc":{"start":{"line":58,"column":16},"end":{"line":58,"column":43}},"locations":[{"start":{"line":58,"column":16},"end":{"line":58,"column":43}}]},"4":{"type":"branch","line":66,"loc":{"start":{"line":66,"column":12},"end":{"line":67,"column":45}},"locations":[{"start":{"line":66,"column":12},"end":{"line":67,"column":45}}]}},"b":{"0":[1],"1":[1],"2":[1],"3":[1],"4":[12]},"fnMap":{"0":{"name":"onClick","decl":{"start":{"line":58,"column":16},"end":{"line":58,"column":43}},"loc":{"start":{"line":58,"column":16},"end":{"line":58,"column":43}},"line":58}},"f":{"0":1}}
,"C:\\Users\\myPC\\Desktop\\dev\\personal\\remunedata\\remunedata-web\\src\\shared\\utils\\seo.ts": {"path":"C:\\Users\\myPC\\Desktop\\dev\\personal\\remunedata\\remunedata-web\\src\\shared\\utils\\seo.ts","all":false,"statementMap":{"0":{"start":{"line":1,"column":0},"end":{"line":1,"column":27}},"1":{"start":{"line":2,"column":0},"end":{"line":2,"column":37}},"3":{"start":{"line":4,"column":0},"end":{"line":4,"column":61}},"4":{"start":{"line":5,"column":0},"end":{"line":5,"column":32}},"5":{"start":{"line":6,"column":0},"end":{"line":6,"column":45}},"7":{"start":{"line":8,"column":0},"end":{"line":8,"column":28}},"9":{"start":{"line":10,"column":0},"end":{"line":10,"column":20}},"10":{"start":{"line":11,"column":0},"end":{"line":11,"column":69}},"11":{"start":{"line":12,"column":0},"end":{"line":12,"column":20}},"12":{"start":{"line":13,"column":0},"end":{"line":13,"column":47}},"13":{"start":{"line":14,"column":0},"end":{"line":14,"column":50}},"14":{"start":{"line":15,"column":0},"end":{"line":15,"column":41}},"15":{"start":{"line":16,"column":0},"end":{"line":16,"column":5}},"16":{"start":{"line":17,"column":0},"end":{"line":17,"column":49}},"17":{"start":{"line":18,"column":0},"end":{"line":18,"column":3}},"18":{"start":{"line":19,"column":0},"end":{"line":19,"column":1}},"21":{"start":{"line":22,"column":0},"end":{"line":22,"column":30}},"22":{"start":{"line":23,"column":0},"end":{"line":23,"column":26}},"24":{"start":{"line":25,"column":0},"end":{"line":25,"column":8}},"25":{"start":{"line":26,"column":0},"end":{"line":26,"column":21}},"26":{"start":{"line":27,"column":0},"end":{"line":27,"column":11}},"27":{"start":{"line":28,"column":0},"end":{"line":28,"column":48}},"28":{"start":{"line":29,"column":0},"end":{"line":29,"column":44}},"29":{"start":{"line":30,"column":0},"end":{"line":30,"column":52}},"30":{"start":{"line":31,"column":0},"end":{"line":31,"column":52}},"31":{"start":{"line":32,"column":0},"end":{"line":32,"column":7}},"33":{"start":{"line":34,"column":0},"end":{"line":34,"column":69}},"34":{"start":{"line":35,"column":0},"end":{"line":35,"column":46}},"35":{"start":{"line":36,"column":0},"end":{"line":36,"column":6}},"36":{"start":{"line":37,"column":0},"end":{"line":37,"column":23}},"37":{"start":{"line":38,"column":0},"end":{"line":38,"column":3}},"38":{"start":{"line":39,"column":0},"end":{"line":39,"column":1}}},"s":{"0":1,"1":1,"3":1,"4":0,"5":0,"7":0,"9":0,"10":0,"11":0,"12":0,"13":0,"14":0,"15":0,"16":0,"17":0,"18":0,"21":1,"22":1,"24":1,"25":1,"26":1,"27":1,"28":1,"29":1,"30":1,"31":1,"33":1,"34":1,"35":1,"36":1,"37":1,"38":1},"branchMap":{"0":{"type":"branch","line":22,"loc":{"start":{"line":22,"column":7},"end":{"line":39,"column":1}},"locations":[{"start":{"line":22,"column":7},"end":{"line":39,"column":1}}]},"1":{"type":"branch","line":26,"loc":{"start":{"line":26,"column":4},"end":{"line":26,"column":21}},"locations":[{"start":{"line":26,"column":4},"end":{"line":26,"column":21}}]},"2":{"type":"branch","line":27,"loc":{"start":{"line":27,"column":4},"end":{"line":36,"column":6}},"locations":[{"start":{"line":27,"column":4},"end":{"line":36,"column":6}}]}},"b":{"0":[1],"1":[2],"2":[1]},"fnMap":{"0":{"name":"useSeo","decl":{"start":{"line":4,"column":7},"end":{"line":19,"column":1}},"loc":{"start":{"line":4,"column":7},"end":{"line":19,"column":1}},"line":4},"1":{"name":"useAutoSeo","decl":{"start":{"line":22,"column":7},"end":{"line":39,"column":1}},"loc":{"start":{"line":22,"column":7},"end":{"line":39,"column":1}},"line":22},"2":{"name":"titleMap./dashboard","decl":{"start":{"line":26,"column":4},"end":{"line":26,"column":21}},"loc":{"start":{"line":26,"column":4},"end":{"line":26,"column":21}},"line":26},"3":{"name":"immediate","decl":{"start":{"line":27,"column":4},"end":{"line":36,"column":6}},"loc":{"start":{"line":27,"column":4},"end":{"line":36,"column":6}},"line":27}},"f":{"0":0,"1":1,"2":2,"3":1}}
}
